3415
5554
9632
5554
903
5554
3278
3415
267
3415
3278
3415
903
5554
5554
9357
4331
3415
5554
3415
4331
4331
3732
9357
3732
3732
3732
9357
4193
9632
3415
4924
6796
3415
9357
3732
9457
5554
4193
3732
9357
3732
3732
3732
9457
4484
1329
2828
1781
4484
4331
3293
5554
7846
3415
3415
7117
5517
5554
859
5517
7799
5517
4193
4331
9357
9748
3278
4484
1421
903
4331
4193
3791
3415
3415
3732
5731
5517
5554
8216
4484
9357
9357
3732
1780
3415
9357
4331
3415
4193
5554
5327
4193
9357
3732
3369
3415
944
5085
3415
5554
3732
5517
9976
7840
1717
1329
4331
4331
3415
4331
9976
5554
5554
3415
5554
7704
5508
7799
1329
1329
2828
4331
3415
3278
5554
3415
1329
2828
3278
3278
3415
4331
3415
3732
9357
9357
9357
4331
9574
3415
4193
3415
2828
3369
3278
1329
9357
3415
9357
4193
3415
3369
3278
3278
3369
1957
5554
9769
3369
9632
9769
3278
5554
9894
6333
7547
5554
2828
9357
4331
4331
4331
3293
4331
4193
4331
3415
4331
3791
9632
9769
4331
3415
3278
4331
3415
4193
9581
4193
4331
9357
4193
3732
4331
3415
4331
3732
3732
3732
4331
9357
3415
7704
9976
5508
3369
4331
3415
3415
4331
4193
3732
4193
3732
3732
4331
9357
4331
3415
4331
4193
3415
3732
4331
3732
3732
3732
3732
5554
9357
3732
3791
3415
475
3415
9357
3732
4193
9357
3415
9357
4331
3732
3415
3369
9769
9357
4193
2085
3732
8828
9769
3415
3415
9357
4331
4331
3732
3732
9357
9357
3732
9357
9357
3415
8972
9357
4193
9357
9357
3278
9357
9357
3732
3732
4331
4331
3415
3732
9357
9357
4193
3732
9357
3732
3732
3415
9357
4331
4193
3732
4331
9357
4331
8972
5554
3732
9357
3732
9357
3732
3732
5554
3415
3415
8972
3415
3732
9357
903
8972
9357
3415
9357
3732
3415
9357
4331
4331
2828
9357
3415
4331
3732
3791
3732
3732
3278
8216
9769
3369
5554
5731
1329
3732
3732
4331
3415
3732
3278
3415
9357
3732
9357
9357
3732
4331
3732
3732
5092
1891
2
4331
4331
3415
9632
312
9769
3732
9357
3732
9357
3732
2550
9632
4331
3732
9357
4331
9357
9357
8972
9357
3415
5554
4193
8972
4193
3415
4331
3732
2085
3415
4331
9357
4331
3415
3369
9357
9357
3732
3732
3369
3415
3732
3732
4193
3415
9357
4193
9357
3732
3415
4331
9357
4331
3732
4331
3415
3415
3415
3791
8972
4193
3415
3278
9357
3732
3732
1781
3732
4193
8972
4331
9357
3732
3732
4331
3732
4331
4331
3369
4331
3732
3732
3278
5554
1781
4680
3415
4331
4331
9357
3732
4193
4193
9357
9357
9357
3732
3732
3293
4331
4193
3415
4331
4193
9357
4193
3732
3732
4331
4331
4331
4331
2828
3369
3732
3278
9357
3415
4331
3791
9769
2828
4331
3732
3732
4331
4193
3278
1717
1781
3732
3732
4331
3732
4331
2
3791
4331
3732
3732
4193
4331
3732
3415
9357
4193
4193
4331
3278
3278
3732
9357
3278
3732
4331
9457
9357
3732
3415
3369
9632
9357
3732
3415
4331
4331
9357
3732
3732
3732
3732
3732
3415
3293
3732
4331
4331
4331
3415
4331
3732
903
3732
3732
3415
3732
3732
3732
3415
4331
3791
4331
2
784
8828
7257
903
2
3293
9632
4331
3415
4193
4193
5327
4484
5554
2631
3732
9357
3732
3732
3732
3732
3732
3732
9357
2918
9357
9357
4331
3415
9357
3278
2828
3415
4331
3732
4193
3369
3415
3732
9357
4331
3415
3415
4193
4331
4331
4331
4331
3415
3732
4193
3732
3732
9357
3732
3817
3415
4331
9457
3791
3415
4331
4331
3732
9357
3732
3732
9357
3732
4331
3415
3415
3415
3369
4193
4193
3732
9357
3732
4193
9357
3732
9357
3732
3415
9357
4193
3415
8972
4331
4193
9357
3415
4331
4331
3732
3732
4331
3732
4193
4331
3415
4193
9357
3415
5554
4331
3415
3278
4331
3415
4331
3732
3732
4331
3732
2828
3278
9357
4193
3732
3732
9357
3732
3732
4331
4331
3732
9357
9357
3415
3732
9357
3732
5554
1329
3369
9357
4331
3732
1891
5516
3415
9357
4193
4193
9357
9357
3732
9357
3732
3732
3415
4331
3732
3732
8828
3415
4331
3369
4331
4193
9357
4193
9357
9357
8972
9357
4193
4331
3415
4331
3278
8216
9357
3732
5554
9769
4193
4331
9357
3415
4331
2482
3415
3293
3732
3732
9357
3415
4331
9357
3732
4193
3732
3732
3369
3415
4331
3732
3732
7866
475
4331
3732
4331
3732
3732
4331
3732
9357
3415
3732
3732
3732
3415
3415
1329
3278
4331
3732
3732
4193
3732
3732
9357
3278
4193
3732
4331
3415
3732
3732
3732
3732
3369
3278
9357
4331
3732
3732
3732
3732
3732
9357
3415
9357
3732
9357
3415
2828
9357
4331
4331
3415
9357
4193
3278
9457
9357
4193
2085
2
4193
3732
3415
3293
4331
4193
4331
9357
3732
4331
3732
3415
3369
9357
9357
3732
3415
4331
9357
4331
4331
9357
4331
3732
3732
9357
4193
9357
9357
4331
3732
3732
4331
9357
3732
3732
9357
3732
4331
9357
4193
4331
4331
3415
3415
4331
9357
58
4484
6866
4331
4331
3732
3034
5554
4331
9357
4193
9357
3732
3415
5554
3168
4193
4331
4193
3415
5554
3278
3415
3415
3732
4331
3278
9457
3732
5554
3415
8828
4331
3369
9357
3415
4331
4331
3278
8216
4331
4331
3415
4331
3369
5554
8828
9357
3415
4331
4193
4331
9357
3415
3732
3732
3732
3415
3278
1329
9632
1903
4331
4193
9357
4193
3278
3732
4331
3791
3732
9357
9357
3415
3732
4193
5554
7997
3415
4331
3732
3732
4331
3278
2828
3732
5055
4193
9457
4331
9357
4331
9357
9357
4193
3732
3732
4331
4193
9357
3415
3369
3415
4193
4331
9357
9357
3415
3415
3415
3732
4331
5554
903
3415
3732
3415
3415
3415
9357
3732
3732
9357
9357
4331
9357
4331
3415
4193
3732
4331
4331
3732
4193
9357
3415
9357
3732
3415
4331
9357
3415
4331
2085
1891
4331
3732
3732
4193
3732
9632
3415
3415
3369
3732
9632
5554
3732
3732
4331
3732
3415
4331
3415
3415
4331
9357
3732
3732
3732
3732
3732
4331
4193
3732
9357
1329
9457
3278
4193
3415
4331
3415
4331
4331
4193
3278
1329
9632
4331
3415
9357
3732
3732
4331
9357
4331
4193
9357
3732
4331
4193
3415
9357
3732
9357
3278
9357
5092
6006
3415
4331
3732
3732
3732
3732
9357
9357
4193
4331
3369
4193
9357
3415
9357
3415
4331
3369
4193
3732
1780
3817
1329
5554
3732
3732
3732
3732
9357
4193
3415
3278
9357
3732
3732
9357
3415
4193
9357
3732
3732
4331
4193
4331
4331
4193
4193
3415
3732
3732
3415
3732
3732
903
9632
4331
4331
3732
3732
4331
784
9357
3732
3732
4331
4331
4331
3278
4331
4193
9357
4193
3732
3732
4193
9357
903
2
3732
3732
3732
3732
4331
1781
3369
4331
4331
4331
3278
4331
4193
5554
3415
9357
9357
9357
3732
3732
3732
4331
5554
4331
3415
4193
4193
3732
9357
4193
3732
9769
3293
7257
5554
3732
4331
9357
3732
3732
3732
3732
4193
4331
4331
9357
3732
3732
3732
312
3415
3732
9357
3732
3732
3732
3732
9357
9357
4331
9357
903
6440
2131
3732
3732
3732
3415
4331
3415
4331
3415
4193
3732
4331
3415
9357
3415
1780
5554
9357
3732
9357
3732
4331
3791
3415
3415
9357
1329
2828
4331
3732
4193
3732
3732
3732
3732
9357
3732
3732
903
9357
3732
3732
1252
5055
3732
3732
9357
9357
3732
9357
9357
3415
3732
3732
4331
2
3732
3732
4193
3732
4193
3369
3278
1781
3415
5554
903
58
4331
3415
4193
3732
3415
9357
3732
9357
9357
3278
3732
6049
5554
3732
9357
4331
3278
3278
1329
8972
4331
9357
3732
3415
3293
1289
2550
4331
3732
3732
3732
3369
2828
3732
4331
9357
4331
3415
3732
4331
3732
3732
9357
3415
3369
3415
1781
9357
3732
3732
3732
3732
5554
4331
5554
9357
3732
9357
3415
5554
4331
3732
3732
3732
3732
4331
3415
9357
4193
3369
4331
4331
4331
4331
3415
3732
3732
4331
4331
3415
5554
5554
9632
3415
4331
9357
4331
9357
9357
3732
4193
4193
9357
3278
4331
4331
9357
3415
9357
3415
3415
3415
4193
9357
2828
4331
9357
3732
3732
3732
4331
3732
3278
3293
4331
3415
4331
4193
4193
4193
4331
2550
3415
3732
3732
9357
3293
9357
3369
3415
4331
3415
4193
3415
4331
1329
3278
4331
3732
3732
4331
3415
1329
4331
5554
3415
3369
5554
3732
3732
3732
3369
4193
3732
4331
9357
3732
3415
9357
9357
4193
3732
4331
4193
4331
3415
9357
4331
3732
3732
9357
3732
8472
4331
3415
3732
3732
3278
3415
3415
9357
4331
3415
3732
3732
3732
3732
4193
5554
5554
3415
1329
9357
4193
9357
1903
3293
9357
3732
9357
5949
5295
4331
9357
3415
4193
4331
3732
3732
4331
9357
4331
3732
3732
3732
3732
3732
3732
9357
3732
3732
3732
4331
3415
3732
3732
3732
3732
3732
9357
3369
3415
9357
3732
4193
3732
9357
4331
4193
3415
4193
4331
4331
4193
3732
9357
9357
7799
5554
9857
8972
903
4193
9357
3732
4331
4331
4331
3278
9357
9357
2085
4193
3732
4193
4193
3732
4331
1780
5554
9857
9357
4331
3415
9357
4193
4331
4193
9357
3732
3732
9357
3732
9357
4193
4193
4331
3278
4331
3732
4193
3415
4331
4193
9357
3732
3732
4193
9357
4193
9357
3293
4193
3415
9357
3732
3415
4193
4331
3415
3732
4331
4331
4331
3415
3415
3369
3369
4331
3732
3732
4331
3732
4331
3415
3732
4193
3732
3732
3732
4193
3732
3732
9357
3415
4331
3415
3732
3732
3732
3732
4331
3732
4331
3415
4331
9357
3732
3415
4331
4193
3732
3415
4331
3732
3732
3732
3732
3415
3415
3732
5554
9632
475
4331
4193
9357
3732
3732
4193
3369
3415
3293
59
4331
3415
9357
5055
4331
7997
4193
1780
5554
9857
9769
1891
3732
9357
4331
3732
4331
3732
3732
4331
3168
3415
3415
1820
2
4331
9357
3732
3732
3293
4331
3278
3732
4331
3415
9357
4331
4331
3415
3415
3415
3293
9357
4331
3732
6440
9257
3293
3293
3732
3791
3415
4331
4193
3732
3732
3278
9357
4193
3732
4331
4331
3732
9357
3732
3732
5554
1659
4193
4331
4193
8972
3791
9357
5554
3415
3732
3732
3415
4331
9357
3415
4331
3415
3732
3732
9357
3732
3732
4331
3732
9357
4331
784
9357
9357
3168
5554
3293
4193
3732
9357
9357
4331
4331
4331
3732
3732
3732
3732
3732
3732
3732
4331
5554
6440
9357
9357
4331
3415
4193
3732
3732
4331
3732
5554
3732
4331
3415
1891
5554
3369
3732
9357
3732
3732
9357
9357
3415
3293
5554
5554
3732
4331
3732
9357
9357
4331
4193
3732
9357
9357
3732
9357
4331
3732
4331
3415
4331
9357
4331
9357
4331
4331
3732
3732
4193
4331
4193
5554
9894
3415
4331
4331
1780
5554
9357
3732
9357
3732
4193
3732
3732
9357
9357
3415
3415
3415
4331
3732
3732
9357
3732
9632
3732
9357
4331
3732
3732
3415
3732
3732
3732
3732
9357
3732
4193
9357
4193
3415
3415
4331
3732
9357
4331
3732
3732
3732
3732
3415
4331
3415
3732
3732
3415
3415
9357
4193
4331
4331
3415
3415
9357
3732
3732
9357
3415
4331
3415
9472
5736
3791
9357
3732
3415
4331
3732
3732
3732
9357
4193
3415
5554
4331
1329
4503
4331
3732
4193
3415
4331
9357
4193
5554
5554
3278
9357
3732
9357
9357
9357
4193
3732
4331
3415
3732
4193
3732
9357
3732
4193
4193
3732
3732
3732
9357
9357
9357
3732
3732
3732
3732
3732
9357
5554
3817
9357
4193
9357
4193
9357
4193
9357
3732
4331
2
5554
3415
3415
3415
4193
4331
4331
4331
4331
3732
3732
4331
3732
3732
3732
3732
3732
3732
4193
4331
9357
9357
3415
9357
9457
3732
9357
3732
3732
3278
3415
3732
9357
4193
3732
3732
4331
8972
3732
9357
4331
3732
3732
3732
9357
3732
4331
9357
4331
9357
9357
4193
9357
9357
4331
4193
3415
9357
9357
4193
9357
3732
9357
9357
3278
3293
3732
3732
4331
3732
8972
3732
3732
3732
4193
3415
3278
2
903
9457
9357
4331
4193
3732
9357
9357
9357
4193
3732
9357
903
5554
3415
3732
4193
9357
3732
9357
3732
4331
903
3034
4331
9357
3732
3415
9357
3732
4331
3732
4331
3732
4193
7799
5554
7997
4331
3732
4193
4193
3732
3732
3732
3732
3732
9357
9357
9581
5554
3732
3732
9357
3732
3732
4193
9357
3732
4193
4193
9357
3732
9357
3415
3732
3732
3732
9357
3293
3732
3732
4193
9357
4331
3732
4331
3415
4193
9357
4193
3732
3732
9357
4331
4331
4193
4331
9357
4331
3415
3732
9357
9357
3732
3732
1891
5554
5554
3415
9357
3732
4331
3732
3732
903
5554
3732
9357
4331
4331
3415
3278
3732
3732
9357
3732
3732
4331
9357
4193
9357
4331
4331
3732
3732
3732
4331
3732
3732
3415
903
8972
3369
4331
3415
4331
3732
9357
4331
4331
3732
4331
3415
3732
3732
4331
4331
4331
3415
4193
9357
9357
2
9357
9357
3732
3732
4331
8472
3415
3415
3732
3732
3732
4331
3732
9357
3732
9457
3278
4331
5554
5554
4331
903
4331
3293
9357
3732
9357
3732
4193
2828
9357
903
3415
5554
9357
3732
4331
4331
4193
3732
3415
4331
3732
9357
4331
3732
4331
4193
3732
3732
3415
9357
3732
4331
4331
4331
4193
3415
3415
4331
4331
3415
4331
3732
9357
3732
9357
8472
5554
3732
3732
9357
3732
3732
3732
3732
3732
5554
4331
5554
4390
9357
4331
4331
4193
9357
4193
4331
3732
3732
3732
3732
3732
4193
3415
3732
9357
4331
3732
4331
3732
4331
3732
3732
3732
3278
9457
3415
3415
9357
4331
9357
3415
3732
4331
3732
4331
3732
3732
9357
9357
3732
3732
3732
3732
4331
3732
3732
9357
9357
3732
3415
9357
3415
3415
4331
4193
9357
4193
9357
4331
3732
4331
3415
4331
3415
3415
3278
5554
3732
9357
3415
3732
3732
9357
3732
4331
9357
4331
3732
9357
3369
9357
3732
3732
3732
4331
3732
3732
3732
4193
9357
4331
3732
4331
4193
9357
4193
9357
9357
3732
4331
3278
3278
2828
4331
3732
9357
3732
3732
3732
9357
4331
3732
3732
9357
8828
3034
2550
3278
4331
4331
4331
9357
3732
9357
4193
9357
9357
3732
9357
4331
3415
4331
9357
9357
3732
3732
9357
3415
3732
4331
3732
9357
9357
3732
9357
3732
3732
3732
3732
4331
3369
3415
4331
9357
4331
4331
3415
3732
3369
3732
3415
5554
3732
3732
3732
3732
4331
4331
3732
3732
3732
3415
4193
4193
3732
3732
3732
3278
9457
3732
3415
3415
3415
3732
3732
3369
4331
4331
3278
4193
4331
4193
3732
3732
4331
3415
784
9357
3732
4193
3732
3732
3732
3732
4331
4193
9357
3732
4331
3415
9784
1288
3791
4331
3415
3732
3732
4193
3732
4331
3415
4331
3278
3278
4193
3732
1781
5554
9357
4331
3415
9357
3415
3732
9357
9357
3732
9357
3732
4331
4193
9357
3732
3732
3732
3732
9357
3415
9357
3415
903
4193
9357
3732
3732
4331
4331
9357
3732
3732
3732
4193
9357
3415
4331
4331
4331
3732
4331
9357
3732
4331
3732
9357
4331
4193
4193
9357
3369
5554
8972
5554
4331
9357
3415
5554
4390
312
8828
1903
9357
9357
3415
3732
4331
9357
3732
9357
9357
9357
3415
4193
9357
3732
3732
3732
9357
3278
4331
4331
4331
3732
3732
3732
9357
3415
3732
3732
4331
3369
3415
9357
4331
4331
9357
4331
9357
3732
3415
4331
9357
3732
3732
3732
4193
9357
3732
3415
4331
3415
3415
3415
3732
4193
3415
4193
3732
3369
9357
4193
3415
4331
3415
9357
3732
3732
4193
3732
3732
3732
5554
3415
4331
3732
3732
1891
5554
3732
9357
9357
3732
4331
3732
9357
3732
9357
3732
3278
3278
4331
3369
9769
3415
3415
3415
3415
903
4193
4331
3415
4331
4193
3732
3732
3369
3293
9357
3732
903
3415
9357
4193
3732
9357
4331
9357
3732
3732
4331
4193
4331
9357
3369
2828
9357
3732
3415
4331
3293
9357
9357
3732
3732
3732
3732
9357
4193
3415
9357
3732
3732
3732
3415
4193
9357
3732
3415
5554
5554
4193
4331
4193
8972
903
4331
4331
3732
3732
3732
4193
4331
3278
4193
4331
4193
9357
3732
9357
3278
9357
3732
9357
3732
3732
3278
9457
4331
4331
3732
9357
4331
9357
4331
3732
3732
9357
9457
3415
9357
3415
4193
4331
3732
9357
3732
3732
4331
4331
9357
3732
9357
3732
4193
3732
3732
4193
9632
3293
9357
3732
3415
3732
9357
3278
3732
3732
4193
9357
4193
9357
4331
3278
3278
9357
4193
4193
4331
4331
3415
4331
3732
3732
3732
3732
4331
9357
3732
9357
3415
3732
3732
3415
3415
3369
8721
3732
3732
4331
4193
4193
4193
9357
3732
4193
3732
3732
4193
4331
3732
4331
3732
3732
3732
3732
9357
3415
1780
5554
4331
4193
4331
4193
4193
4331
4331
3415
3732
4193
3415
9357
3732
3732
3732
3732
3732
4331
4331
3732
9357
3732
3732
3732
4193
9357
9357
4331
4331
3415
9357
4193
9357
4331
4193
4193
4331
9357
3732
9357
3415
3293
3732
3415
8828
8828
3732
4331
3278
3732
3732
9357
3732
3732
4331
3732
3732
9357
3732
3732
3732
3732
3415
2482
3415
3415
1891
3415
3732
4331
4193
9357
3732
9357
4331
3732
4193
9357
4331
4331
4331
4331
3415
2
3732
3415
3415
7799
5554
7997
3415
4331
3369
5554
3732
3732
3415
4331
9357
3732
9357
4193
4331
4331
4331
4331
3369
3732
9357
3732
3732
3369
312
3732
4331
9357
3732
4331
4331
3415
9357
9357
4193
3732
3732
3415
4193
3415
9357
3732
3732
9357
3732
3732
9357
3278
3293
9357
3293
3732
3732
3732
3732
3415
4331
3278
3293
9357
9357
3415
4390
1780
9357
4331
3415
4331
9357
9357
9357
4193
4331
3732
3732
3732
5731
9357
3415
3415
9357
4331
4331
3278
3732
3732
4193
3732
4193
4331
9357
3732
3732
3293
8828
4331
9457
4331
9357
3732
4331
4193
8216
3415
9357
9357
3415
3732
9357
3732
9357
3415
3732
4193
9357
9357
3293
1780
3415
4193
4331
3415
4193
9457
4331
3278
3415
5554
8972
4331
9357
3415
4331
784
4331
3415
3278
3732
3732
3732
4193
9357
3732
4331
9357
4331
3415
9357
4331
3732
3732
4193
3732
3415
3415
4331
4331
4193
4331
4331
9357
4331
3732
3732
9357
3415
4331
3732
3415
3415
9357
9357
4331
4193
4331
9357
9357
4193
9357
4331
4193
3732
3732
4331
9357
3732
4193
9357
9357
5554
8828
8721
1329
9357
9357
3732
3293
9357
9357
3732
3732
3732
9357
3732
3732
9357
4331
3732
3732
9357
4331
3732
3732
3732
3732
9357
9357
3732
3369
3415
3293
1329
9632
3415
4331
4331
3732
3732
4331
4193
9357
3732
3732
4331
1329
3732
3732
3732
3732
3732
3732
9357
3732
4331
9357
3415
5554
5731
4331
3732
6440
5554
3732
3732
3732
3732
3732
4331
4193
4331
4193
3415
3732
4331
9357
3732
9357
4193
3293
3369
9357
3415
3732
7547
5849
9357
4193
4193
3278
3732
4331
3732
9357
3732
4331
3415
3732
3732
4331
3415
5554
4331
3415
3415
4331
3415
3415
3732
3369
3415
3415
9357
4193
3732
9357
9357
3732
4484
4331
9357
3415
4331
9357
3732
4193
9357
4193
3732
5554
3817
4193
3732
3415
3732
3732
3732
3732
3732
3415
3732
3732
3278
3369
3415
4331
3415
9357
4193
9357
4193
4193
9357
4193
9357
4331
4331
9357
3415
3732
3732
3732
3369
2828
3732
9357
3732
4193
3415
4331
3732
4331
9632
9357
9357
4331
3732
3732
3732
4331
3732
3732
9357
3732
9357
3732
3732
5554
3732
3732
3732
3732
3369
3732
3732
4193
4331
9357
3732
4193
4331
4331
3369
3415
9357
9357
3732
9357
3732
3732
3732
9357
3732
3732
9357
3732
3732
9357
3732
903
3415
3732
3732
9357
4193
3732
9357
9357
4331
3732
3732
9357
3732
4331
4193
3732
4331
3732
4331
9357
9357
4331
3415
3732
3732
4331
9357
4331
3415
9357
3732
3415
4331
4331
4331
9357
3732
3732
3732
4193
4331
4331
5554
5554
4331
3415
9357
9357
4193
4331
9357
3415
4331
3278
9357
3732
3369
4331
3415
3732
3732
903
6490
4193
4331
4331
9357
4193
3732
3732
3732
3732
4331
3732
3732
3732
312
9769
3732
3732
3732
3415
3732
3732
9357
3732
4331
3732
4331
5554
4331
4193
3732
9357
4331
3732
9357
3415
3732
3732
4331
3732
3278
4193
9357
9357
4193
9357
4390
9357
3278
3415
4331
4331
4193
3732
3732
9357
4331
4331
4193
2828
3369
3732
3732
4331
9357
9357
3732
3732
4331
3278
5554
9357
4193
3415
9357
4331
4331
3415
4193
5554
3415
9769
3293
9357
3732
3732
3732
3732
4331
4193
3415
4331
3732
3732
3732
4331
4331
3415
9357
3415
3732
9357
3278
4193
4331
4193
3369
9457
4331
3732
3732
9357
3415
3415
4331
4689
1891
3732
9357
9357
3415
3732
3732
3369
2828
3732
3732
3278
3817
5736
4331
9357
3278
3415
4331
4331
4193
4331
4193
9357
3369
3732
3278
9357
9357
4331
3732
3732
9357
3732
3732
9357
3415
3817
3415
3415
7117
9632
9769
8828
3732
4331
9357
3415
3732
4193
5004
9976
3732
3732
3732
3732
3732
3732
4193
4331
3415
3415
9357
3732
3732
9357
4193
4331
3732
9357
9357
4193
4331
9357
3732
3732
903
3732
3732
3732
4331
4193
3732
3732
9357
3732
3732
3732
9357
4331
4331
3732
9357
3732
9702
784
3817
9357
9357
9357
3732
3732
4331
3415
9357
1289
3732
3732
3732
3732
9357
3732
9357
3415
4331
4331
3732
9357
3034
3732
3278
3732
3732
3415
4331
3732
3415
3415
4331
9357
4331
3732
3732
3732
3732
9357
4193
3415
3415
9357
3732
3415
3732
3732
9357
3293
4331
9357
3732
4331
3732
3732
3732
9357
4193
9357
7997
3415
9357
3732
3415
1780
5554
3415
4331
3415
4331
4331
4193
9357
4331
4193
3732
3732
3732
4331
3415
3732
9357
3732
3732
3732
3732
3369
4193
3732
4331
3415
4331
3732
4193
3732
9357
4331
4331
4331
3415
9357
9357
4193
3415
4331
4193
9357
4331
9357
3732
3732
3732
3732
3732
4331
3278
3732
3415
9357
3732
1891
5554
3415
4331
4193
4193
4193
3732
4331
9357
3415
4193
3732
3278
4331
3732
3732
4193
4331
3732
9357
4331
9457
3732
4331
9357
3415
3415
4331
3732
3415
9357
4331
4331
3415
4331
9357
9357
4193
9357
3732
4193
4331
4193
3732
4331
3415
4331
4331
1891
5736
9357
4193
4193
4193
4331
3278
9357
4193
4193
4193
3732
3732
3732
4331
9357
3732
4331
3732
7866
5554
3732
3732
3732
9357
4193
3732
9357
3732
3415
3415
3415
4331
4193
9357
3732
3732
3732
3732
9357
3732
3732
3369
4331
3732
5200
1288
3791
3415
3732
3732
3415
2550
3732
3732
3732
9357
4331
3732
4331
3732
3732
3732
3732
3732
3732
4193
3732
9357
9357
9357
3732
4331
3415
4331
3415
3415
3732
3732
3732
4193
3732
3732
9357
3732
3732
4331
3732
4193
3415
3732
3732
9357
3732
3415
3415
3732
9357
3293
3415
3732
3732
3732
3732
3415
3415
3732
3732
3732
3732
4331
4331
3732
3732
3732
9357
3732
9357
4331
3732
3415
3293
4193
9357
3732
3732
4331
4193
4193
4331
3278
4484
4331
3732
9357
9357
3732
3732
3732
9357
3369
3791
3732
3732
3732
9357
3732
4331
3732
3732
4193
3732
9632
8972
3732
9357
9357
9357
3415
9357
3415
3732
3732
9357
3732
4331
4193
9357
1903
4331
3732
3732
4331
4331
9357
3732
3732
3732
3732
3732
9357
3732
3415
3369
4331
3415
3732
3791
3415
4193
1421
3278
4193
4331
3732
3732
3732
3732
9357
9357
4331
3415
4331
3732
9357
3732
4331
5554
4331
7799
3732
3732
9357
3732
4331
4331
4193
9357
3732
9357
4331
9357
3732
9357
9357
3278
3278
3732
3732
9357
3732
3732
8828
8828
2550
3415
3732
4331
3732
3732
9357
3415
9357
3732
9357
4193
4193
9357
3732
9357
9357
3415
9357
9357
9357
4331
3732
3732
3732
3732
4193
9357
3732
3732
3415
9357
4193
3732
3732
903
3415
4193
4331
9357
9357
4331
3732
9357
4331
3732
4193
9357
5554
8828
9357
3732
3415
3732
3732
3732
4331
9357
3732
3732
3732
1781
9457
3732
9357
9357
3415
9357
3732
9357
3732
4331
3732
3732
9357
9357
3732
3732
4193
4331
4331
3415
3732
9357
8216
4331
9357
4193
9357
1329
1329
9457
3369
9357
3732
9357
3732
4331
3732
3732
9632
5554
6292
3817
4193
4331
3732
9357
9357
4193
4331
9357
3415
3732
3732
9357
9357
3732
9357
9357
3732
4331
4331
3415
4331
3732
9357
3732
4331
4193
4331
3732
9357
3732
9357
9357
4193
9357
3732
4331
9357
3732
3415
4331
3415
3732
3415
3732
4331
9769
5554
3415
9357
9357
4193
8828
5554
3732
9357
3732
4331
4331
3415
9357
3732
3732
3732
4331
4331
3732
3732
3732
3293
4331
4193
3732
4331
3732
3732
9357
8828
5554
3732
4193
4331
4193
4331
4193
3415
4331
9357
4193
3732
9357
3732
3732
9357
9357
4331
4193
4193
3732
9357
3732
3415
3732
4331
3732
9357
9357
6497
3732
3732
9357
3732
3732
3415
3732
3732
5554
1717
3732
3415
4331
9357
9357
9357
4193
4331
9457
3415
3415
3732
9357
4331
3415
3732
3732
9357
9357
3732
3732
9357
3369
9357
3732
3415
9357
4331
4331
4331
3415
3732
4331
3415
3369
3732
3732
3732
3732
4193
4331
9357
4193
4331
3732
9357
4193
3415
8972
1329
3732
9357
3732
3732
3732
3415
4193
9357
4331
4193
3732
3415
9357
9357
9357
3732
3732
3732
4331
4331
4193
9357
9357
3732
3369
3415
3415
9357
903
9357
4193
4193
4193
4331
4331
4331
4193
5554
3732
4193
5554
9357
3415
9357
3732
3732
9357
3732
4193
9357
3732
5554
4331
4193
9357
3415
3732
3732
4193
3732
4193
3732
4193
4331
4193
3415
4331
3732
4193
4331
9357
4331
4193
4193
9357
4193
9357
4331
9357
3732
3732
1780
8972
4331
3732
3732
3732
3732
9632
3817
9357
903
8972
9357
4331
9357
3732
3732
3732
3732
3293
9357
3732
1329
4716
9357
3732
3278
9357
3732
3732
3732
903
4331
3278
3791
9357
3415
3415
5554
4331
2828
9357
3293
3415
5554
4193
4193
9357
4331
9357
4331
4193
4331
4193
4331
3732
3732
9357
4331
3415
3415
9357
4331
3415
3732
3732
4193
3732
4331
3732
9357
9357
4193
3732
3732
4331
4331
9357
9357
9357
3278
2828
9357
3732
3732
3732
3415
4331
3732
3732
3732
3732
3732
3732
9357
9357
4193
9357
3732
4331
6497
6440
5554
1891
3415
7415
7799
3369
1903
3732
3732
3732
4193
4331
1891
3415
2482
5554
3732
7257
5554
4609
5517
9693
3732
3732
9976
9976
3732
3732
3732
3791
1903
2
1891
3415
9357
4331
9980
5554
3732
4193
9357
3415
3732
3732
8454
9581
7799
5464
4609
7799
6407
7218
5516
5464
3732
9357
4331
3732
3732
4331
4193
4331
4331
9357
3293
9357
3732
3732
3732
3732
3732
3369
4503
9357
3732
5554
3732
5517
9581
7799
4331
3415
2918
9357
4193
9357
9357
3415
6429
9887
9357
9357
3732
1780
5554
9632
9976
6292
4331
312
1891
8454
7799
9581
1781
5085
8972
3415
9079
9769
1780
9894
2993
4193
3732
9894
5554
3415
9894
1781
4603
3732
2482
5517
5554
7799
7765
5508
4331
4331
9976
5508
7799
5517
9784
7547
3902
9894
1329
5554
4331
5554
8972
9357
8306
9976
9976
6293
9193
6907
6162
3732
4193
4331
5464
9357
9357
4331
4331
9357
9357
6645
5508
5554
3034
5615
5508
4193
1903
3732
5554
7799
1477
3415
4193
9357
4331
4193
9357
4193
9976
8116
7799
1781
5719
3732
5508
9976
7840
4331
3415
4503
5554
3732
9357
3415
9357
5554
2
7117
1891
6206
7547
1891
5508
5464
903
2918
4331
3415
3415
6006
5993
9976
1546
3415
9357
8454
5554
7824
7824
9976
9574
5200
5554
4193
4193
3732
4331
4331
6883
6381
9894
5554
5517
9769
3732
3732
9976
7799
7799
1780
5517
5517
5508
7547
9784
4331
3415
5517
5517
9976
1903
5554
3415
9769
5295
7824
3415
4331
4331
4193
5554
3732
3732
7257
9976
8116
5508
7799
8454
7799
3732
3732
1891
5554
4331
3415
8454
9454
7538
9976
9976
5508
5508
9357
4680
1781
3732
4193
3415
9357
4331
3415
9169
3278
4193
3732
9357
3278
3369
8454
5554
5554
7547
4331
4331
3415
4193
4331
3415
3415
4680
1329
9357
3732
5508
5126
7840
9977
9581
4331
4193
9357
4390
3791
3732
4331
4193
4331
9357
4331
9357
3415
9894
8454
6440
5731
7799
4876
1329
9357
3732
4331
3415
3415
7596
6293
4193
3732
3732
4331
4193
4331
3415
5882
1781
3415
3415
9894
3415
9708
9980
4331
3415
9357
6293
9976
8116
9976
5508
4331
3415
4193
4193
4331
4331
3415
3732
3732
9894
4331
5554
8972
5554
4331
4193
4331
784
3415
6883
9976
4193
9357
7415
7824
9976
5004
9976
9357
3732
3415
4331
4331
8828
8972
5554
119
9357
4331
3732
3732
312
9769
2
8828
8972
7596
7799
4331
4331
3415
9357
3732
3415
3415
4331
3415
9581
6361
1780
903
8972
9357
3732
1231
8721
4193
9357
312
3415
2
4331
4331
2
5554
9769
9769
3732
4331
8828
3415
6293
2828
3415
7257
2085
312
4331
9357
5882
1329
3732
3732
3369
3817
7840
3369
4331
4331
4331
3415
4331
9357
3415
3415
9357
3732
9357
3732
4331
4193
3817
7799
3732
9357
4331
4193
3732
4331
9357
3415
784
9357
4331
9457
3732
3369
3791
3278
3415
4193
9357
3732
4331
903
9769
8216
2828
4193
4193
9357
4331
3415
9357
3732
3732
4331
4193
9357
3732
8972
5554
5554
3732
4331
5408
7981
9357
3415
3415
4331
4193
4331
3732
4331
3732
4390
3732
9357
3415
3415
3415
7415
3415
6381
6293
903
9632
2
3415
4331
3415
4331
9357
4331
4331
3415
7799
5508
4331
4331
9357
4331
4331
3415
3817
2
9357
4193
3278
4331
3415
9357
3415
9357
3278
3415
4484
4331
7981
3732
9632
9769
5554
6292
6293
7547
7799
5554
3369
3415
9769
1252
5554
3415
1891
5554
8972
9357
3732
4331
3415
9357
3415
4193
1329
4603
3415
4193
9357
4331
903
3415
6293
6292
5554
4331
4193
3415
3732
3732
3732
5554
5765
7799
8306
9976
9976
4331
3415
1329
9894
2131
2828
9357
5554
4818
9357
9357
3732
3369
9357
9357
3415
2828
4331
3369
3415
4331
3732
4331
4331
4193
3415
9357
3732
5554
3415
9357
4193
3278
3415
3415
4193
9357
1329
4680
5554
4331
4331
9357
9976
5508
3369
3732
4193
5554
7799
7799
3732
3732
3732
4193
4331
3732
4193
9357
3415
3278
4331
3732
9357
3732
9357
3415
4331
4331
4193
6293
5554
3415
1891
3034
9357
5554
5200
9769
6292
6440
3278
5554
6497
10000
5438
3732
9357
3415
4331
4193
4331
9357
3732
4331
4331
3732
9357
5508
3732
3732
9357
3732
9357
2828
4193
4193
6440
5554
3732
9357
6293
5554
3732
9357
3732
4193
5731
9708
5554
7997
903
4331
3732
4331
3732
9357
9976
6293
5554
4331
9357
4331
4193
9357
9632
4193
5554
9357
3732
4331
9357
4331
3732
6293
5554
5200
10000
9894
5554
4331
3732
3732
4331
3415
4331
3415
2918
312
9357
9357
4331
3415
9357
3732
4331
3732
3732
6883
5736
3732
5517
5517
3732
9357
6292
6440
9357
4193
9357
4484
3278
3732
9357
3415
4331
4193
3732
4193
4331
3415
5508
6490
9357
9357
4331
3732
4331
4331
3415
8828
3415
1329
9457
4193
5517
6440
4689
3791
4331
9357
4193
3278
3415
5517
7547
3732
3732
3732
3732
3732
3732
4689
1717
3732
4331
3278
4193
4331
3732
4331
9976
5554
9784
9357
4193
3732
4331
5554
6292
6440
6292
3732
312
4331
4193
8472
1891
4193
5810
6907
9976
4331
9357
5554
9357
4331
4193
4331
3415
3732
4331
4193
4331
3732
7997
3369
9357
5554
5516
1329
2828
6440
9472
5554
3817
3415
3278
3732
4331
4331
9357
4331
9357
4331
1903
9357
3732
3732
3732
5731
7257
5849
7257
3732
3732
9357
4331
3415
8454
3034
4331
3415
1329
9457
3415
8216
9357
9357
4331
4193
1329
4876
9357
4503
3817
9632
9357
7799
3369
3791
4331
3732
9357
3732
9357
9357
3732
3732
3415
9357
4331
3732
9357
4331
3369
3369
3415
3415
4331
4331
4331
9976
5508
3791
8972
5810
6907
9357
4331
5810
6911
3415
4331
3732
3732
3732
4193
8721
1329
4331
9457
9357
3415
3415
6440
9229
3732
9357
4331
3415
9193
6911
4331
2
6293
8870
4331
4331
1891
6292
3415
4193
4484
1329
3732
3732
6293
6490
4503
5554
1781
4484
9357
1891
2
4331
4331
4331
10000
6907
4484
1781
4331
9357
4331
3415
3732
9357
4331
9357
5554
9357
4331
3415
4331
5554
3278
9357
2257
4680
3415
6497
3817
8828
3732
3732
4331
5327
4603
3415
3415
2
3415
4331
4331
3732
10000
9976
4331
3415
3369
3415
6293
560
3293
4331
3369
2828
3732
3732
9976
5517
7799
3293
4331
3732
3415
2482
3732
3415
3415
3415
4854
1329
4193
9976
5517
5554
6440
9357
3732
3415
9357
8216
3732
2828
3369
8828
2
6440
3415
3415
3415
4331
3732
3732
9357
4331
3415
4193
4331
9357
3732
4331
4331
5554
9357
4193
3415
3415
3732
3732
6440
2550
3415
3415
8972
1906
4331
3732
3732
3732
903
3415
9457
4331
3732
3732
3732
3415
1891
5508
4331
4193
4331
6440
6292
3732
3732
3415
9632
4331
4331
3732
4331
2
4331
2
7596
5554
784
3732
9357
9568
5554
4331
5554
4331
3732
4331
3415
3415
3732
6440
3415
9357
4193
9887
6491
3278
3415
7799
9976
9784
3415
5554
3415
3293
3732
4484
9357
3369
5554
9357
3415
4331
3732
7866
3732
1903
5554
8721
1329
4193
903
7840
8972
3732
9357
3732
3732
3732
9357
3415
9357
3732
3732
9357
3732
3732
3732
3732
1781
3293
4331
4331
3369
3732
3034
4331
3293
4331
4193
4193
6292
3293
4331
4331
3732
3732
3415
9357
6883
6289
5295
5554
3415
3293
4331
5508
7824
9976
4331
4193
3732
3732
3732
4331
3732
4742
5004
5517
1891
3415
9632
3415
4331
9894
9632
3732
3732
903
3415
4331
3732
3415
5554
5362
903
4003
4331
3415
4331
3293
2482
2131
3732
4331
3415
4690
9582
5004
8870
5055
3369
1781
4484
3732
4331
4331
4331
5554
3415
3415
6907
10000
9894
6292
9894
6490
3732
3732
3732
3415
4331
3415
3415
4331
6883
9976
4331
9357
4331
3732
4331
3817
3415
3732
9357
3415
3415
9357
3732
4193
4331
3415
4193
8972
3791
4331
4193
10000
10000
3732
4331
4193
3732
4331
3732
3732
9193
3732
9357
9894
5554
9357
4193
903
5554
3732
9357
2828
3369
3415
3415
4193
4331
3369
5554
2828
9357
9357
3732
3732
4484
4331
4193
1903
4193
4331
5053
1659
3732
3732
9357
3369
4193
8972
3369
5554
1507
5554
7824
9976
6292
1717
9357
3732
3732
4331
8216
4331
9357
4331
9357
4193
9357
3732
4742
6440
6375
4331
3732
6288
6745
4331
3415
9357
4193
9357
9357
5055
3369
4331
3415
4331
3415
3415
3369
4331
4193
3369
4193
5554
9632
4331
2
9357
4331
4193
9769
5554
7117
6292
9894
3732
4331
3415
3732
3732
4331
9693
6632
3369
8216
6883
6289
4193
3732
9357
9357
1329
9457
9357
3732
3732
4331
3415
3415
4331
4331
3732
3415
3369
3415
9632
4331
4331
4331
9357
6288
9976
4193
4331
3732
9357
4331
4193
9357
9357
3415
9357
3732
2
4331
903
4331
4925
8721
8972
4331
4503
4193
3732
9357
3732
9357
7799
5361
7799
4193
4331
9357
3732
3732
9357
3415
3415
4925
4331
2550
6293
4689
6883
9976
3732
3732
3034
1891
9357
4193
3732
9357
3732
9357
8721
3791
8972
5554
3415
1781
8216
3732
3732
784
4193
3732
9357
9357
3732
3369
7673
9357
2828
9632
5554
4331
4331
3415
6907
10000
3415
9357
3415
4331
3732
3415
3732
3732
3732
3732
4331
3415
3732
9357
9357
9357
6289
6883
6293
10000
4331
3415
112
4331
3732
9357
3415
3732
9357
3415
9357
3732
4331
3415
9357
4331
3732
9357
3732
2256
8721
3732
3732
9357
3732
6292
9894
3732
3732
1781
3293
3278
9457
3732
3415
4331
3732
3415
2550
3278
9357
3369
2828
9357
3732
4331
4331
9357
3732
9357
4331
3732
1717
5554
9357
4193
3415
9357
8828
7866
4680
1329
3732
3732
3732
3732
3278
2
4331
4193
3732
3732
3415
5554
6292
5004
4331
3732
5327
6360
4331
784
9357
4331
4331
3415
2482
4225
3732
3732
9357
4331
3732
9357
4193
3293
4331
3415
9357
5554
3415
4331
3732
3732
3732
3732
3732
3278
5525
4854
1781
1891
6883
9976
9357
3732
1329
6745
3415
3415
903
2550
4331
9357
4193
9357
3415
9357
3732
3732
9357
3732
1781
4603
3732
4331
4331
9357
3732
3732
3732
3415
3415
4193
9357
9357
8972
9357
3732
4331
4331
903
5554
3732
3732
1421
5554
1329
3732
3732
3732
4331
9357
5554
7177
6440
1891
5554
4331
3369
9457
9357
4193
3732
9357
9632
3415
4331
4193
3415
2631
9357
3732
4331
3415
4503
3817
3415
9357
3732
9357
4503
4331
9357
4193
1781
4331
4331
4193
3732
4331
9357
8972
9357
4193
3732
3369
4503
4331
3415
4193
9357
9357
4331
5554
9769
7257
9357
3415
4193
3732
3415
4331
3415
4331
3369
3415
4331
4193
9357
1329
5554
1781
6745
4331
2828
9357
3415
5810
6911
9357
3415
6883
6882
3732
9457
9357
3415
4331
9632
3415
4331
4331
4193
9357
4331
3415
3732
4331
4331
3415
9357
3732
3369
3415
112
3369
3732
4331
3415
4331
8972
4331
4331
3732
9357
4331
10000
5004
5554
903
3415
1329
4484
3415
4564
3278
3732
4331
3415
3732
3369
6440
5554
9357
3415
5554
3415
3415
3415
4193
3732
9357
7799
7866
5554
9357
3732
4193
3732
7547
5554
3415
4193
5554
3415
9357
3732
4331
3293
4331
3732
3732
9357
3732
4854
5327
4331
4193
9357
10000
5438
5554
8972
9357
4331
3732
5554
4331
4331
3415
3732
9357
4193
3732
9357
9357
3415
9357
3732
5843
9769
1780
3278
5554
2828
6883
6283
3415
5554
4680
1329
4331
3034
9632
312
9769
3732
9357
9357
3369
3278
4331
2
3732
4193
3732
9357
6883
9976
9976
6288
9357
3415
8972
9769
3415
312
8972
8216
5073
9357
4193
3732
3732
9357
1780
5517
1780
3732
3732
4331
9357
4193
3732
1891
5554
1781
6745
1781
4679
4193
3415
9357
9357
4193
9357
3732
9357
3732
4331
9357
3732
2828
3278
9357
9357
5554
7257
3369
2828
3732
4331
2828
4331
9357
4193
6907
10000
9976
9193
9976
3732
3732
3732
9357
3817
2131
4331
3415
5517
7257
9769
784
9894
1329
3415
3415
3415
4193
4331
3732
9357
3732
4331
9357
3732
7799
4331
8216
4331
1329
4484
2482
9357
7997
5554
3293
5554
3732
3732
9357
3732
3732
9357
3732
3732
3732
4193
4331
1329
4625
3732
9357
3732
3415
9357
4193
9357
3732
3732
4331
4193
9357
4193
4193
3791
1891
3732
7799
6292
9357
3415
3732
1891
5554
3415
3732
3732
4331
9457
3732
3732
9357
3369
9457
3293
9357
3732
9357
3732
3732
9357
4193
9357
4331
3732
3732
3415
9357
3732
8972
9357
3369
4331
5554
903
4645
3732
3278
4680
3415
4193
3817
4193
3415
4331
58
8972
3293
9357
4484
1329
4331
8216
9357
4193
6440
5554
9357
3732
3415
3732
3732
4331
4331
3732
4331
3732
3732
3732
6289
5004
3415
4331
3732
1329
4586
8216
3369
4331
3415
4331
3415
9357
4680
1781
4331
3369
9457
3732
3732
3732
3732
4193
5554
2
4331
3369
4484
4331
4193
3732
9357
4331
3415
9357
4484
3732
4331
3732
4331
3732
3732
4193
1781
6745
1781
5085
1891
3415
3415
9357
5554
3732
1329
4603
3369
2828
9894
6292
2828
9357
9357
3415
8972
9357
3732
9357
3732
312
312
1717
5554
9357
3732
3732
3732
3732
4716
1329
3415
8216
4331
3415
4331
4193
9357
9357
4716
1329
3415
9357
3732
3732
4331
3415
3732
3732
9357
3732
5200
6611
3732
3415
4331
3415
5517
5517
784
5554
903
474
1252
5554
6907
10000
4193
4331
3732
3732
9357
2482
5554
4331
4193
6292
6163
4193
3732
9357
3732
3732
4331
3732
3369
3732
3415
3732
9357
9357
3732
9357
4331
3369
5554
3732
4193
119
8972
9357
3732
3732
1329
9357
5554
9357
3415
3415
3732
4193
9357
3732
3732
3732
4193
6440
4680
1329
3732
5554
5554
9357
3732
6283
9976
4331
3732
9357
4193
903
3415
8972
9357
4331
4193
9357
4331
3732
4603
1781
9357
5004
9193
3415
3415
9976
7799
4331
4193
3732
3369
8216
9457
3369
3732
3732
4193
3415
4390
3732
9357
3732
3732
3732
4331
6293
6490
3415
3732
9357
3415
4193
3415
4331
9357
4193
4331
9357
3732
3732
4193
3732
3732
3732
3369
9702
9357
9357
3732
4193
4331
3415
4331
3732
4193
4331
9357
9357
9357
4331
3732
5438
9976
4331
9357
4331
3415
3732
4193
9357
5554
3732
3732
4331
4193
8216
3732
5554
3732
4331
3415
4193
9357
3732
3415
6907
5810
4193
4331
5508
10000
3732
3732
2482
2131
4331
3415
9357
9357
3732
4331
903
4331
3415
9357
3415
9357
3732
3278
9769
9632
312
9769
3732
9357
9357
5554
4331
3415
4193
4331
4331
4331
9357
3732
3732
3732
9357
6440
6292
3278
3415
5554
903
3732
4331
3415
9357
903
3415
3278
4193
9357
9357
3415
3732
4331
9357
4193
1781
4604
9357
3732
4331
3415
3732
4331
8698
9357
3415
4331
2257
6745
8972
9976
4331
3415
3732
5554
4331
3732
3732
4193
3732
7981
7824
4680
3369
3415
5517
9894
5554
8828
5554
5438
5517
1780
3732
9357
3732
3732
3732
3732
3415
3732
3732
784
9357
3415
3732
3732
4331
4193
4331
4193
3732
6440
6292
9357
3732
9357
9357
3732
3732
4331
9357
3732
3732
9357
9357
3034
9357
4193
4193
3278
4331
4331
4663
1891
5554
3732
9357
9357
4193
3732
3732
3732
5554
9632
9357
3732
4193
9357
4331
8216
1329
4484
9357
3732
3732
903
5554
3732
3732
5554
1329
1891
5055
2828
3278
312
5554
3732
9357
4331
4193
3732
3732
4193
9357
9357
3732
4331
2
3732
9357
4331
3293
3415
6440
3732
9357
9357
3732
3732
9357
4193
4193
3369
5017
4331
9357
9357
4193
3732
3732
9632
3278
3293
5554
3732
3732
8225
3902
9769
3415
3732
3732
3732
9357
9357
3293
6440
6497
4193
9357
3415
4331
4193
9357
9357
4193
4193
3415
1780
9357
1717
9357
3415
3293
3732
9357
3415
475
1891
2
9357
6440
3415
3732
9357
4193
3732
9357
3415
3369
5736
4193
3293
4854
1329
3732
3732
9357
4193
784
6745
1781
4193
4331
4331
5517
6264
3732
3732
9357
4193
4193
9357
3415
6440
5554
9357
3732
3278
3293
3732
3732
3415
9357
3732
9357
3732
4193
4193
6883
6381
3732
4193
9357
9357
9357
3732
3293
9357
4193
5438
6292
3732
9357
6293
7824
3415
9357
9357
3732
9357
3278
9357
3732
3732
3732
3732
9357
4193
4331
9357
3732
3732
3732
9357
3369
2828
4331
3732
4331
3732
3732
9357
4193
1891
8472
9357
3732
4331
3415
5508
9357
4193
4193
4331
9357
7799
7596
4331
9457
3415
7799
6292
3293
3732
4331
4331
3732
3732
9357
3732
4331
3732
8216
4484
9457
1781
4605
9357
3732
9357
3732
3732
3415
3415
3732
3732
3732
4193
3732
7799
3732
3732
3732
9357
4193
9357
4193
9357
3732
3415
312
9769
3415
2550
9357
4331
4193
9357
9357
4331
3732
4193
4331
9357
3732
3415
4193
3732
4331
9769
5554
9632
9357
4331
9357
3732
3732
3732
9357
6883
5554
4679
1781
9357
3732
2482
5736
4331
3415
4331
3732
3732
4331
6293
9357
3732
9357
3732
3732
4331
3732
3415
3732
4331
4331
3415
3415
3732
9357
8216
3732
3732
3732
4331
4331
3415
4331
4331
3732
9357
3732
4331
3732
9357
3732
3732
3732
3415
4331
4331
9357
3732
3369
4680
9357
3369
8216
9357
4193
4331
5736
3791
3732
3732
3732
9357
9357
3732
9357
3732
9632
5554
7866
5554
4193
4331
6907
10000
1891
3415
5554
6883
6162
1780
6264
4193
4331
3732
3369
3415
3732
4331
3415
4331
3732
3415
4331
9357
9357
4193
4331
4193
3732
4193
9357
3369
9357
3732
9357
4331
3415
4193
9357
3732
4331
4331
4193
3369
4331
4193
3415
3732
9357
3732
5438
6292
9357
3415
9357
3415
8828
9357
3732
9357
3415
4331
9357
4193
6006
3415
784
3415
3415
475
5554
6440
6292
9357
6819
9976
5554
8216
3415
9357
4193
4331
3278
4331
9357
9357
9357
3415
4193
6440
9357
4193
3732
3732
3369
2828
4331
4193
9357
4331
3732
9357
3415
9357
4331
2918
8972
4193
3732
3415
4193
3732
3732
9357
3732
9357
9357
9357
1329
4193
4331
4331
9357
3293
3732
9357
4484
1329
9357
3732
4331
4193
4331
3415
1329
5554
9976
2
3732
3732
9357
4193
3732
4331
4331
2828
4331
9357
3732
4331
4331
3732
3732
4331
4193
4193
3732
4193
3732
3732
7547
5200
9769
3732
4331
4331
4331
8828
3732
1891
6162
4331
4193
9357
3369
2828
1891
5554
3732
1891
5554
9357
9357
3732
4716
8972
8828
3732
4193
4331
4331
4331
3415
4331
4193
3732
3732
3732
4331
3732
3293
6293
3732
4331
9357
3415
3732
9357
3732
4193
9357
4193
3732
4331
9357
3278
3293
3732
3293
3732
9357
5719
1329
3732
9357
3293
4331
9357
3732
9769
9769
3732
3732
3732
3732
3732
4193
3732
3732
9357
4193
9357
4193
4331
3732
9357
3732
4331
4331
4193
3415
4193
4193
3732
3732
3415
9357
3732
3732
903
5551
5055
7840
4564
3415
6440
5554
9357
3415
9357
3278
2828
9457
3369
9357
3415
4331
3415
3278
3369
2828
9457
6883
9193
4193
4331
4331
9357
9357
1329
9457
1329
4586
3732
3415
4193
4331
3732
4331
4331
9357
4193
3732
9357
3415
9357
3732
9357
4331
3732
3732
3817
9976
3415
3369
3293
4193
9357
4193
4193
4331
3415
4331
4193
3791
7840
560
4331
3791
3732
3732
9769
8972
2828
4331
3415
3415
3415
4331
4331
9357
4193
3732
3732
3732
5004
3415
9357
3732
4331
5517
4331
4193
9976
5004
9357
3732
9357
3732
3415
3415
3732
4193
4193
9357
903
3415
4331
4331
4193
4331
3415
3415
9357
312
3791
3732
4193
3732
4331
8721
4331
3415
4193
9357
3732
4193
4484
9357
4193
4193
3732
5004
5517
9980
4331
9357
3369
5554
2131
1891
3369
3293
3415
8972
2482
3034
9357
5554
3278
3732
1781
4603
3732
3732
4331
5554
3415
9357
4331
3732
9357
3732
9357
4331
3732
3732
5517
4680
3278
5967
4663
6217
4331
3293
1329
4680
8225
3902
4331
9457
3415
9357
3732
4331
3732
7866
5554
3732
3732
3732
3732
3732
3369
5055
3732
9357
4331
3415
9357
3415
3732
1891
6490
5004
9285
3732
3732
9357
3732
9357
3415
9357
9894
5554
3732
3732
3732
9357
3415
9457
9357
3732
3732
8216
3369
3415
3732
3732
9357
9357
3732
3415
5004
8454
5731
9357
4331
4331
4193
4331
4193
4331
4193
3732
3732
3732
5200
2
4331
4193
4331
4331
3732
9357
4193
9357
9357
3732
8828
5554
1781
4503
3732
3732
4193
4331
4331
5554
4331
8972
119
2
9357
4331
903
3415
5554
9357
3732
3732
3732
3732
9357
1781
4680
4331
9357
3415
3293
5438
5810
9357
4331
4193
9357
3732
3732
3732
4193
4193
4331
4331
4193
3732
3732
4193
3732
58
1002
9357
4680
1329
9357
3732
3293
4331
4193
3732
3732
3732
4193
3732
3791
903
6292
9357
4193
3732
3732
9977
3415
9357
4193
4331
3732
3732
4193
4193
3732
3732
3369
5554
9357
9357
3732
3817
3034
4331
9357
3732
8972
9357
3415
3732
3732
4331
9357
9357
3415
3415
3415
3415
4193
9357
3732
6375
5554
3415
9357
3732
3732
4193
4331
784
8828
3732
3369
3415
1891
7799
903
5554
3369
2828
4331
4331
3415
4331
4331
3415
3732
9357
4193
3732
9357
4484
8216
9357
4193
6440
3732
9894
6490
4331
4331
3278
9357
9357
3732
3732
4331
4331
9457
3732
4331
3415
9357
3293
3415
9357
3415
9357
3415
9357
2
9357
3415
3415
3415
3415
8216
2631
9357
3369
2828
6292
5554
9357
3415
9357
3732
9357
3732
4603
1329
8828
9257
4193
4331
4193
2828
3732
5004
5517
4331
3732
9357
9357
3415
3415
3732
4331
3278
4193
4193
3732
3732
1891
1717
3732
9357
3732
1891
3415
3732
9357
9357
3732
9976
9976
3732
3732
9357
9357
3732
4331
4193
3732
3732
4193
3369
9457
3732
9457
3732
4193
9357
9357
3732
58
3415
784
7866
4331
9357
4193
9357
903
5554
4331
3415
3732
3732
3415
3732
5004
5517
9454
9357
3732
3732
3732
6293
9976
3415
3732
7218
6490
3293
3732
3732
4331
4193
4331
3415
3293
4331
3732
4193
3293
4331
9769
5554
7799
4331
4331
2828
3369
8698
2482
4331
6293
4689
3415
1329
5554
3415
9632
9357
9357
3732
3369
4331
9357
3732
3732
4193
3278
2828
5517
3415
312
9769
9357
3732
3415
3732
3732
3732
4331
903
3415
903
3415
4193
4331
4331
5554
903
9357
4331
3415
3415
5554
903
3415
3732
5554
3732
9357
3732
9357
4331
9357
9357
3732
3732
4331
3732
9357
3732
4193
9357
4331
3415
3732
3732
3415
9357
3732
3732
3732
3732
9357
3732
3415
3415
9357
3415
4331
3732
3732
1781
5525
9357
4331
4331
3415
9357
3732
9357
9357
3732
9357
3732
3415
3732
3732
3732
3732
3732
3732
3732
4331
3415
3732
3732
9357
4193
9357
3415
3415
5004
7799
7117
4331
312
4331
3415
2550
4331
3732
4331
9357
4193
9357
4331
8216
3732
3278
9357
4193
9357
3732
4193
103
3732
3732
3732
3415
4331
3415
3732
3732
3732
4193
4193
4331
112
4331
3415
9357
9357
3415
4331
3732
4331
4193
1957
9357
9357
3732
3732
3732
3732
3415
4331
4193
3791
3415
4331
4193
3415
9357
3369
3415
9357
3732
4331
9357
3415
3732
3732
3732
4331
2828
3732
3732
3732
3732
3415
4331
4193
9357
9357
3415
5554
3732
3732
9357
3732
3369
8216
3293
9357
3732
3732
3732
9357
3732
9357
3369
4331
9357
3732
3369
3415
9357
5295
4331
4331
4331
9357
3732
9357
4193
3732
3732
4331
4331
3732
5517
9357
3732
5554
7866
3415
3732
3732
3732
3732
3732
4193
9357
3415
4331
9357
9357
3415
5554
4331
4193
3415
4331
9357
3278
4331
8828
8972
1329
4484
3732
9457
3415
9357
9357
3415
3732
9357
5554
4331
9357
9357
9357
6490
3415
9769
5554
1891
4663
3415
3415
4331
3415
4193
9357
3369
3369
9457
3732
3732
3732
3732
4193
4193
4673
3034
7117
9357
4331
3732
3732
3732
9357
3415
9357
3732
3732
4331
4484
3415
4193
9357
3732
3732
9357
312
3415
3168
3293
4331
3732
3732
3732
3732
9357
4581
4331
9357
4193
9357
9357
3415
4331
4331
3293
9357
4331
3415
4193
4331
9357
3415
9784
3732
9357
4193
3732
4331
3732
4193
3732
3732
1329
3732
3732
9357
3415
3278
4193
9357
3732
9357
3732
9357
5554
7799
3732
4193
4193
4193
4331
4484
3817
2550
3415
3369
4331
3732
9357
9457
903
5554
9357
3732
5554
3415
3732
3415
3369
3732
3732
4331
5554
9357
4193
9357
3732
3732
4193
2550
3732
3732
9357
3732
9357
9357
9357
9357
4331
3415
3415
3415
9357
9894
5554
9357
4331
8972
3732
3732
4331
2
2
3732
6440
9976
7840
3732
9357
3732
9357
3732
3732
9357
4193
903
5554
3278
3415
4331
9357
3732
4331
3732
3293
3732
3732
4193
9357
3732
3369
8216
1891
5554
3732
4193
9357
4331
4331
4331
9357
9357
3732
9357
3732
9357
9357
3732
4331
3415
784
7866
3278
3415
8225
3415
9357
3732
3415
2550
3415
4331
3415
4331
3278
3293
3732
3415
4331
4331
4193
9357
4331
4193
6611
4193
7799
7799
4331
4331
4331
4193
3732
4193
9357
5554
4331
4331
4193
9357
3732
9357
4331
4331
3415
4331
2828
6490
3732
3732
4331
3415
3732
4193
3732
4331
9357
3732
3732
3732
4193
3415
9357
9357
9357
4193
4331
4331
9357
4331
4331
9357
4193
3732
3732
5554
903
9357
9357
3732
4331
3732
5554
4331
4331
3732
9357
3732
3732
4193
4331
9357
9357
3415
5554
7866
5554
3732
3732
9357
9769
3732
3732
9977
4331
3732
3732
3415
3732
3415
9357
3732
3732
9357
4331
3732
4331
3415
3732
3732
4331
3732
3732
9357
3415
4331
3415
9357
4193
3732
3732
3415
9357
9581
5554
4331
4193
9357
9357
4331
3732
3732
9357
3732
9357
1780
3732
3732
3732
3732
3293
3732
3732
3369
3278
3732
4193
9784
3369
3415
4331
9357
4331
9357
3732
3415
8216
4331
3415
3732
3732
4331
4193
4193
3732
1329
4680
4193
119
8972
9357
3732
3732
3415
3415
9357
3415
3415
1717
9357
9357
9357
9357
4193
3732
9357
3415
3732
3732
903
7683
4331
4193
3415
3415
3293
4331
9357
4193
9357
4193
3732
4331
5554
3293
4331
9357
9357
4331
3415
3369
3415
3732
4193
4331
3415
4331
9357
4331
4331
4331
4193
4331
3415
3732
3732
4331
9357
9457
3732
3732
4331
9357
3732
3732
3732
3732
9357
4331
9357
3732
3415
3732
9357
7981
2918
4331
9357
3732
3732
3732
3732
3732
3817
3415
3415
3732
3732
4193
8972
4331
9357
4484
3732
3415
4331
3732
9769
5554
3278
3732
3732
3415
3415
3415
4331
4331
4193
9357
9357
3415
9357
4193
475
3369
9357
4331
9357
3278
2828
3732
9357
9357
4331
2828
9357
3369
8216
903
903
3415
3732
903
3415
3732
9357
4193
3732
4193
3415
3732
3732
3415
9357
8145
1329
3732
3732
3415
4331
8972
3732
3415
3732
9357
3732
4193
3415
9357
3732
9357
3732
9357
3732
9357
3415
3369
9357
6490
4331
903
3415
3415
4331
3415
3732
4193
4193
3732
9357
4193
3732
3732
9357
5554
3415
9357
9357
3732
4331
3732
9357
3732
6440
6292
3732
3732
3732
3732
4331
3732
3732
9357
3732
9357
1781
8216
3732
4331
3415
5554
4193
9357
3732
3732
3732
3732
9357
9357
3732
3415
1780
1780
4331
3732
3732
4193
4331
6440
5843
9769
3293
312
3415
4331
3732
9357
3732
3732
4331
3415
4331
3732
4193
3732
3732
8972
8828
9357
3732
3732
3732
9357
9357
9357
4193
3732
3732
3732
3732
3415
4331
9357
3732
3732
3732
3732
9357
9357
3415
3791
3415
9357
9357
3732
9357
9357
3732
7866
9357
9357
3415
9357
9357
9357
4193
4331
3732
3369
3732
4193
3415
3293
9357
3415
2828
3791
9357
3732
3415
3732
4193
3415
3732
3732
3732
4193
9357
3732
3732
4331
5554
4331
3415
3732
3732
4331
9357
1329
5085
3415
3415
9357
3732
3732
9357
3732
4331
3415
4331
3732
4331
3732
3369
3415
3415
4331
3369
3415
9357
2550
3369
5554
9357
4331
4331
3415
3732
3732
3732
8216
9357
4331
3732
1781
4680
4331
3369
3415
3369
3732
9357
3732
3732
4331
4193
3415
4331
9357
4331
9357
9357
4331
3415
206
4331
8216
5554
4331
9769
4193
4193
5517
7840
9472
3732
3732
9357
3415
3732
3415
3369
119
9980
3732
3415
9357
3415
3293
9357
3732
4331
3293
3732
3732
4331
3732
3732
3732
9357
1781
4603
3415
4331
3732
9357
3732
3732
9357
9357
4193
8216
8972
8828
2085
3732
4193
4331
9357
4193
3369
4331
9357
8828
3415
3415
3415
9892
6292
9357
3415
3415
4331
3732
4331
4331
4331
9357
4193
3732
4331
4193
5554
4193
1903
4193
3732
3732
9632
312
3732
9357
4331
9357
3732
9357
4193
4331
3732
1329
5554
3415
3732
9357
9357
3732
9357
3732
4193
4331
903
9976
6440
4193
3732
9357
3732
9357
3732
3732
4193
9357
9357
3732
4193
4331
3732
4193
3732
3415
9357
3732
4193
4193
9357
9357
3732
3732
3415
7799
3415
3415
9357
3732
3732
3732
9357
9357
3732
9357
4331
4193
4193
5517
9357
4331
9357
3732
3732
9357
9357
4331
9357
9357
3293
3732
3732
3732
4331
3415
4331
5517
9980
9472
4193
903
2085
3732
3732
3732
9357
3732
3732
9357
9357
4193
4193
4331
3415
3278
4331
3278
3732
3732
3732
3732
9357
3732
3732
3732
3415
4331
3732
3732
9357
3732
3732
9357
9357
1329
5651
9357
3732
3168
3415
9357
3732
9357
9357
3369
3415
9357
6292
3732
9357
3732
3732
3369
4484
5295
3732
4193
9357
4331
3732
3732
4331
4193
903
3415
2550
9357
4331
3732
3732
9357
1781
4680
9357
3732
3732
9357
9357
3732
7866
3732
3732
4331
3732
3732
3369
3415
3732
3732
3732
9357
4193
7981
3415
3732
3732
3732
4193
9357
9357
3369
3278
5508
5517
3278
3415
3415
4331
5554
2085
1891
3415
3732
3732
3732
3732
3278
9357
3732
3732
3732
1329
8216
1329
3278
2828
3732
5517
5554
6333
3415
3732
3732
4331
3278
3415
312
3732
9357
6440
7547
4503
5554
2085
3732
3732
3732
3732
4331
1781
4193
3732
9357
1329
1329
9457
3278
1781
3732
3732
4193
4331
2257
5554
4331
2828
4331
4193
4331
5554
5554
9357
3732
4331
4331
2828
3732
3415
4193
3369
4331
5554
6440
4331
3732
3278
4331
4331
3415
4331
5516
8472
4673
3293
9357
4331
4193
9357
5554
6333
4331
9357
9357
5554
4390
4193
3732
9357
9357
9357
3278
4331
9357
8216
9357
8216
9357
3415
3369
4331
3732
3732
4331
3732
9357
9357
9457
3732
9357
9357
9357
3732
3732
3369
3415
3732
4331
5554
9357
8216
9357
9457
4331
3415
4331
3732
3732
5554
4331
3415
4331
9457
3415
9357
4193
8216
9357
9357
3732
9357
3732
9357
4193
3732
3732
3415
4331
9357
3732
9357
4331
3415
3732
3278
5554
3278
312
4331
3415
4331
4331
3415
3732
2828
9357
4193
9357
5554
9894
5554
3415
5554
9357
2828
3732
3369
3278
4331
4193
4331
3293
1891
5554
5554
4331
9357
4331
3732
4331
9357
3415
3415
2828
9357
4331
4193
4193
4331
3732
9357
3415
3732
9357
3732
9357
9357
9357
9357
3817
5736
9457
3369
3415
1329
9457
2828
4331
4193
4331
1329
9357
4331
5554
3415
3293
4331
3415
9357
4331
4193
5554
3732
4331
9357
3415
9357
8216
3732
9357
9357
4193
3732
2828
9357
3732
4484
9357
9357
3732
3369
4331
9357
5200
2550
4331
9357
4331
3415
3369
3415
6288
6292
3369
3415
3415
4331
3278
3369
1329
5327
6292
3415
4331
3369
4331
3732
4331
4331
4331
4331
4193
3415
3415
4331
9357
9457
3369
1329
3732
2828
9357
9357
9357
3732
4484
3369
4331
3278
4331
9357
3732
6293
5554
9457
3369
1781
8828
4193
4331
3732
3732
9357
4331
3293
9894
5554
4331
3369
4484
3369
3415
4331
3732
903
4193
3732
3732
3732
6440
5554
4331
3415
3415
3415
9357
8972
6288
6292
3732
3732
4193
4331
4193
9769
3791
3369
1329
3278
4603
1781
7218
5517
3817
5736
6288
6292
4331
9357
3415
4193
4503
3369
3369
3732
3732
3732
3732
3732
3278
3293
5004
5517
3732
3369
5554
4331
2828
4331
8216
3415
3415
3034
4331
3293
9357
4193
5554
4331
3732
9357
1329
2828
4331
3732
3732
4331
5554
58
5554
9357
5554
4193
4193
3415
3415
4193
2482
5554
903
4331
3278
9357
9357
9357
9357
3278
3732
3369
9457
3415
1891
5554
3732
3732
3415
4331
3732
4331
4193
3369
3369
9357
9357
3415
3415
3415
4331
4603
1781
3415
4331
4484
9357
4193
9357
9357
3293
903
4193
9457
8216
9357
3732
3278
5554
3732
3732
8454
5554
3732
9357
