2
3044
9256
3044
12
2257
0
3044
29
8972
118
1525
4914
1717
3044
9546
5055
5057
7050
1525
2
59
3732
9357
4331
3732
3732
3960
5379
18
8972
4829
103
3163
40
41
48
45
4193
3732
2035
2044
3732
3732
48
49
2497
2036
6160
7840
1792
1231
5650
1525
5138
4
5650
4853
2257
5131
62
5132
5131
6609
1507
636
117
8594
7983
5096
8948
4
2917
4629
873
6335
3491
4645
4853
4854
98
99
1870
9357
1970
62
6489
6609
4577
2
2917
59
60
3231
9357
4193
4095
4096
6160
6997
935
784
4331
4740
205
206
1272
9937
120
121
9415
1507
104
9397
2
1792
3544
103
5430
206
128
806
9937
145
127
9936
9937
2320
9936
122
128
3829
9937
225
4925
9357
149
4193
9357
3854
2
206
4483
9417
85
4096
127
9936
1534
3512
120
6609
7058
1507
9936
9937
133
4645
4624
166
2550
104
4509
3544
4645
4715
205
112
9397
6473
128
120
121
98
3512
12
3391
4331
3034
3164
5260
5430
9096
9106
9357
3828
3044
3675
8212
5342
224
6609
9357
9568
9673
9883
2034
3732
62
3732
3732
1959
3960
140
103
118
6490
5002
3546
4275
6281
4331
4329
3732
1717
3732
3732
4331
9357
122
6456
307
3432
4351
823
219
3391
3732
3732
3732
1592
9357
4246
5055
383
6265
898
307
4331
1685
9357
6588
307
4331
3732
8972
7849
166
9357
4193
2550
1231
104
206
527
3207
9357
0
9106
3732
9673
1237
9619
3732
9357
114
3960
944
4259
182
9937
145
4096
162
162
3732
3732
5002
8972
5257
3732
9357
9357
1064
9673
9357
3732
3732
1986
1672
4741
6609
224
225
1870
4
9748
6008
3732
9357
1623
9357
1574
3732
873
1792
307
475
119
4331
9357
8145
7549
9357
9775
9357
3378
9357
2781
9619
3911
8221
9357
1507
2
5280
167
4331
3732
338
339
4855
6335
59
4645
112
3732
3732
1235
885
4193
3732
3034
1870
3732
9357
9357
4329
3732
3732
3732
9707
4740
307
3544
8441
6489
8972
5720
5379
3732
9357
3732
9357
4329
903
6106
4331
3231
9357
3231
9357
3960
944
963
1090
1091
9357
4795
4106
6106
1993
4329
4691
1717
3044
3786
2550
1844
133
1231
1231
3732
3732
6523
1789
3732
3732
4505
3732
9357
3141
9357
9357
4331
2140
4329
4331
3732
3960
1525
9357
1237
9891
5310
9546
307
3544
3231
3732
3231
1272
1271
8212
898
603
1152
3732
9357
9883
145
3785
1331
1546
8972
3732
3732
6798
6010
6160
6997
1791
904
1335
3231
3732
5938
784
9885
2965
9357
3732
1574
4506
475
6609
4663
9251
900
9357
1231
1681
3732
4331
6609
4331
6609
8221
6457
1271
3829
9712
898
4605
2
4889
6241
6411
3732
4331
2
6609
9937
9937
1272
3732
3732
4331
3732
4331
4925
6335
4331
3732
9357
3732
4331
3732
9719
9357
307
4193
271
506
806
3732
128
806
3732
6521
6997
85
7511
3388
5541
5819
4369
1574
5096
3544
8972
9357
3732
1188
3391
3732
3732
307
1717
3732
4331
6609
4331
140
3034
3732
2
3231
3231
1044
3828
3732
3732
2
9568
4673
4680
4663
9707
5083
5730
140
6006
1717
2194
4855
3293
726
898
6376
6719
1525
5131
3732
9357
3732
3732
3732
3612
3732
3732
9357
4914
3231
307
3544
4650
9357
1271
1156
3703
3544
3231
4351
103
104
3732
9357
1649
3544
8972
1077
114
4
307
4
3763
3732
1188
4331
3732
9357
3732
1089
2034
6982
5551
4738
4680
271
3732
2320
9357
3732
3732
9357
3732
4331
872
904
1524
3960
307
6609
1990
4331
3231
4193
4331
3732
9357
3732
2034
307
900
4259
378
4331
1574
1870
3044
3732
4331
3732
3732
4331
3732
6609
9883
8778
1170
9357
2917
4671
1959
9256
946
2941
874
3544
3732
3732
1156
3732
7934
7933
9357
3231
3732
3231
9357
9357
4331
4331
4478
3703
9357
9357
9546
4331
9357
2852
5074
9568
3248
9357
3219
9620
9707
8972
4193
1507
6609
1574
1623
9357
3732
9357
3732
4246
114
6609
3732
3732
731
1525
4331
4725
2
8078
3334
900
3640
9357
4193
3960
1970
4331
527
4331
6998
6522
6008
3732
0
4775
1215
2
1870
1170
3164
1600
1546
4331
3732
3732
1870
3044
4331
9357
3720
3391
3732
3732
5541
307
4331
3732
3732
5878
4914
8176
1789
3164
4329
9357
4331
3732
3960
2008
3732
3391
3732
9108
4691
1014
6683
1170
3732
3732
4193
3391
3732
9357
607
269
1276
6609
312
3732
3732
3732
1970
1659
5379
9357
4331
3732
3732
3732
3732
3732
4329
1507
9357
2007
9357
5057
6241
9357
4331
4464
307
3378
122
506
9937
9357
4193
1002
4483
9357
9357
1465
1525
3732
9620
1507
9357
3732
4511
4331
3732
1295
1870
9357
3732
636
904
307
8176
3544
1413
823
4329
3732
378
4259
9357
3231
4331
3732
3732
4331
9357
4546
3732
9357
3732
4331
9357
898
1959
1331
872
85
1507
3732
6160
6797
304
3732
4331
3732
9748
682
4331
1507
182
9357
3732
4463
1791
60
9561
899
6005
2007
5860
9355
3293
872
190
4331
1034
1035
4331
9397
4505
1002
383
1421
5819
5541
4331
9883
6521
8241
4260
2828
898
1507
9357
872
873
3960
5379
18
3703
9357
2007
6609
3732
3732
3231
1331
6110
5736
4650
1829
6609
1231
1664
2965
300
9357
3044
6455
471
9357
963
1672
3732
618
2917
5650
1170
9769
3732
3732
9357
3776
1156
3732
7058
4678
9980
9357
4331
833
1870
2034
898
3732
3732
0
3703
1150
1890
9893
2
898
8230
3334
922
85
1507
3433
5280
0
784
5518
304
306
1792
7740
4726
4275
1507
3732
3732
3732
4331
9357
167
4
4538
3732
4331
2112
9357
1507
204
205
1368
128
4331
4331
9357
6106
1338
140
9875
140
3732
4331
3960
3732
5131
5977
1276
1002
448
5539
1525
3732
3732
4331
1170
5057
9769
1170
2
114
1870
5902
3732
4329
3732
4331
4331
9357
8731
9357
6160
6010
3854
4096
3210
9883
4546
112
718
553
1271
1272
704
1959
1421
9357
3732
3732
4331
9357
2999
4793
500
3732
4331
898
944
963
3540
85
1045
9357
9707
1546
132
502
3732
3732
3732
3231
9357
9357
6609
4331
5541
4193
1870
3044
3231
784
1659
1286
9357
3732
1477
1002
1034
99
1574
3732
9357
3732
9357
6609
1374
96
9357
3732
3732
4889
1160
6005
1675
3732
3732
1428
1429
4331
4331
2233
4193
2
3732
3732
9019
3732
3391
5566
112
6609
4331
9572
3732
4331
1288
3732
1870
3732
3790
3034
1507
59
4331
903
1870
4193
3612
3732
81
9929
1002
2194
3732
3732
4331
3732
1151
9936
5541
1780
3378
1044
3829
1507
4193
304
6478
9357
9357
9357
3732
3732
3732
4331
1957
1207
1659
3703
4193
4351
3732
9917
9357
1357
4640
1478
2257
3732
3732
9357
3732
3732
3813
9900
823
2
1525
9357
3219
2095
3732
9511
8699
3044
1870
3732
4331
1369
4329
9357
9357
6609
85
2941
6822
6883
3732
3732
3732
607
1525
618
904
1870
1970
3732
9769
1672
4503
162
60
4603
963
1574
9357
3732
3732
607
4577
4925
1870
1905
2295
4248
3732
3732
3732
3732
3732
3732
9357
3732
3732
9883
9357
3391
3732
1276
1717
3732
1574
9357
3337
4651
1231
1870
5997
3732
1672
5293
900
3732
2038
6
3732
475
1153
3378
9833
307
1781
112
1890
1355
2194
9930
4275
9712
9357
3732
1507
1870
3828
9357
1478
1781
3732
9357
4269
4331
1271
1272
898
3785
3334
3859
4
9673
4680
1088
1231
3732
3732
3231
6376
6159
3732
4331
9900
4331
1872
3732
85
3732
928
9357
6456
4682
1150
1151
9357
1987
823
3732
3732
1525
3011
4
3231
1574
1507
2120
1525
2195
878
3732
3732
3732
9256
3960
85
4193
4089
5055
168
8972
1659
9108
3732
3732
150
3564
3703
3034
9883
5431
2034
9893
9357
4331
1507
5175
3732
503
1294
3828
9805
3044
3600
1870
307
5541
3703
4760
4331
3703
1422
7957
9357
9357
3732
3732
1970
3494
3732
3790
1236
4553
140
9413
4193
3859
1507
1251
1717
1890
3732
3732
85
122
1870
5831
1717
4331
5541
6609
4193
1959
4680
4794
4331
3732
3732
1170
3732
3960
383
3207
307
4577
2071
1507
9357
3732
6245
5517
98
3011
4193
3732
162
725
9546
4193
4329
4331
4193
112
1170
9357
989
4331
3732
9357
3732
4853
233
4877
3732
3732
3732
6
1014
9357
9619
1578
3732
3732
3732
8495
3911
6826
1525
1150
1151
9357
1709
1890
3034
4509
9357
9357
8343
5167
1002
3732
3960
4
4193
3150
3732
3732
4331
1870
4331
3732
3732
3732
3732
3732
3732
1365
9357
3732
3732
9562
900
3732
3732
3732
1537
4331
9357
1231
1792
9357
96
1231
3732
9357
1507
4193
503
9357
4331
3732
1574
3732
2041
9357
4645
6489
6491
5329
6745
1657
9357
3732
6609
1038
3378
3829
1534
3854
1671
900
3732
3732
636
3732
2233
4603
1659
4605
6609
9357
726
8084
1429
1132
898
9357
3732
3732
9357
3732
307
3703
4776
4331
9357
9917
3732
898
898
3544
4193
9357
3732
3732
9673
9357
589
4331
946
6609
3732
1870
1901
518
3703
1792
6679
9413
85
3044
3150
3732
4483
4676
3960
7905
4329
3732
3854
3043
4559
140
9357
1215
3732
3732
3732
3732
3732
3732
3960
900
2
1957
3732
3732
3732
3732
4331
146
9357
1681
4193
4248
3732
3248
4095
3528
1870
3973
1170
3732
3732
3732
3732
4760
2084
6609
1717
56
1718
4
4193
9357
3859
3732
4193
4776
9357
7421
725
1170
3771
6106
5280
3044
3600
4659
4603
1525
4605
9561
1002
3732
3954
9915
3732
4331
1012
1995
1170
4839
206
9415
4473
5754
3732
9357
3732
3732
45
4331
924
9357
4331
321
9357
9901
9900
6609
3544
1525
2
9357
3624
3732
1208
7549
9936
3997
1970
4473
1196
4331
1574
1574
4331
1626
9357
9886
3732
4331
4331
3732
9357
3732
1459
9561
1276
6609
4331
3105
5057
2256
1890
9397
1661
3732
9357
9357
4546
9357
1121
5730
5977
4329
3732
9357
3732
3732
4331
3432
3574
3544
9611
1288
3231
204
205
4662
1623
4331
9357
9357
9413
3034
806
3732
3732
3732
3732
9357
3732
3732
3231
3703
5949
2007
307
873
775
3612
3732
3732
4331
3732
45
9673
92
4224
1478
1180
1594
3732
9357
3732
3732
9357
9357
1525
4505
66
904
3732
1271
1986
9357
307
3231
49
9357
9357
4255
3231
3105
120
9805
9915
3703
2550
6609
6609
9357
9413
4645
3732
3732
5379
1672
1903
1525
5199
2062
3660
4331
4853
4603
1507
6609
8013
3732
3491
1537
9357
9357
1495
3732
2
4193
4331
4331
9357
9357
3732
3164
3732
9357
1170
9357
3732
4546
3732
3732
3732
3732
2007
9357
4193
3423
3546
7263
307
1444
4331
1870
4331
3732
3732
1756
3732
9357
3544
1621
121
3732
1014
233
1870
4351
3732
5208
3771
4483
4956
3732
3732
3109
149
3544
1717
4914
1717
233
9357
3732
1625
4095
3732
3732
3732
4463
1657
9357
903
873
2336
2337
4
1329
4193
8972
9769
306
4193
4925
383
4096
1671
823
85
9357
4329
3703
307
140
1691
3732
4193
3732
9623
45
898
4193
3643
3732
6609
9357
9357
9357
3732
3732
3732
3732
9620
9357
3755
1821
3231
3732
3302
6609
307
944
9357
3732
6437
8718
3293
3164
1331
7858
7549
1537
4331
2
7263
3732
3732
2233
3732
1574
3732
3732
3732
3732
1507
3231
3231
963
307
9357
9619
1459
3231
3732
3732
3854
3043
3732
9357
3627
3732
3732
4331
4483
2934
3077
2097
3732
3732
3732
9357
3732
4331
3231
4331
6609
1870
636
307
1870
1420
9748
900
4225
3231
4351
307
1574
9357
3011
2035
2044
3732
3732
4331
3732
1717
3732
3732
3732
1274
2
5864
5096
2497
6010
307
9357
1578
3732
3996
9357
40
5508
6609
85
5475
6996
590
5938
4193
9357
1970
9357
4329
4331
4003
205
6609
9357
3732
9883
9357
1970
4331
9673
4
3732
3528
4853
1659
4645
4331
3732
4509
1870
9357
3732
3732
3732
3732
1870
4351
5131
4590
3732
3732
2007
3732
1159
4193
9357
1870
3575
9712
9357
3490
6106
3732
2007
3732
3231
9357
3902
3732
3732
3732
9357
4331
3732
4331
3210
131
9357
1574
3732
2320
9357
4331
4506
9920
4536
9357
3732
0
3732
3231
9357
3732
3732
5232
7549
1159
1791
9357
3732
4331
4111
3732
2873
140
3231
9357
4331
1959
1014
9357
3732
3732
9357
3732
3732
9357
4351
2233
9357
9357
4331
9357
3732
3732
4331
3732
3732
5661
1002
4609
4089
3544
1525
9357
1574
9357
4331
4095
4331
2
1872
3732
3732
4255
4331
3998
59
900
1870
9357
1648
9357
1206
3732
3732
4331
4716
4608
1289
3732
3732
3732
3732
3732
9357
3732
49
9357
383
3791
4509
2550
60
4275
507
9357
2007
1870
3732
3054
7957
9357
233
383
1717
1870
3703
1231
2550
898
3732
4193
4
3732
3732
4351
3732
85
3432
3732
3732
1872
9357
3732
0
3763
9357
1574
1821
1792
366
4275
1188
5904
9561
9357
9357
7743
2481
1717
3732
3732
9357
3732
3732
3732
3732
3732
1717
3732
5525
1525
4331
3624
4331
3732
9357
903
2043
2044
3732
3732
9357
3732
607
2034
3732
9357
3732
3732
3763
4331
607
4941
3732
3732
1905
2337
140
1691
2233
4331
9357
131
3491
4331
3732
3034
85
4331
2320
3231
4329
3732
9357
3732
4331
9357
3231
307
9357
3331
4096
963
1137
3070
4645
4351
9357
9357
9357
4331
3732
3544
1621
12
1289
1946
6111
6983
1398
4546
1691
3732
307
1507
3732
4331
2034
3732
1970
9357
1821
9357
1045
3732
3732
4331
3732
3732
957
3791
9357
1301
4331
1794
4509
4694
4193
9357
9357
3612
4331
1044
1905
1906
9256
3732
9357
3231
1574
3732
9357
3231
3732
4220
9357
1002
5092
1152
3854
1170
4331
4275
3732
3703
9357
4220
9357
9357
3732
1870
3011
140
3554
1870
1870
3732
3732
9357
127
9357
4331
3732
9357
9357
3732
9357
3732
3732
9357
3732
4331
9102
4708
3544
3960
1744
2
1014
1672
4488
3732
2256
1872
3792
3732
1272
3231
4331
4275
4193
3732
0
1691
4193
872
3732
3732
9357
1235
7840
4306
3732
9419
1525
3732
3732
4096
4331
4331
3544
1464
3034
5643
3732
3732
6432
2941
6827
1870
3732
85
3732
9357
3732
3732
4331
1574
9357
9357
4331
1792
1890
1891
9511
2
1718
963
1903
823
3732
4331
5966
2781
128
4096
6585
3732
5516
6010
1870
4488
900
9357
6206
3732
9357
9357
3732
9357
3732
1412
1413
9357
3732
4331
3732
3732
9357
4193
307
7980
7419
3235
4914
3732
3732
6009
3732
1870
3732
3732
3732
2104
9357
4
784
1659
2652
6514
4331
1870
3732
4331
3732
9357
3044
4193
4193
307
3960
3034
9601
1791
4331
9558
2012
9397
1791
7804
7217
5257
9357
1870
1792
3732
3080
9357
3732
3960
3640
9357
1574
2007
9357
4306
3732
3231
3854
122
3491
935
1904
3231
3732
3732
475
1170
3732
3732
2934
4331
3732
3960
1153
3164
6655
3546
3231
2233
3703
904
9357
4331
3732
3732
2095
1237
3231
1276
1002
1152
3732
1153
3732
3703
7980
3732
3732
4331
1870
3235
1276
1231
499
3732
9357
3732
9620
3732
3732
3732
1525
140
1271
3732
1678
5650
205
4331
3732
8189
3528
4331
148
9357
3732
9357
3732
1295
3248
128
3732
2550
6335
607
2
3732
140
7549
935
1959
9883
182
3732
3732
6677
6375
2046
6609
140
5280
9357
1574
4331
9357
2941
9357
3732
9357
5379
3786
3044
9357
2372
1906
9357
3732
2194
9895
49
9357
85
6609
3732
3732
3732
9357
898
1681
9357
2781
3732
133
3034
900
9357
3732
1681
2550
2
9357
6609
4193
7263
4676
4331
4331
3640
3732
1159
4193
9357
6206
1077
3763
3764
9357
4331
9357
3649
6998
3732
9357
3732
3732
4597
45
4331
3231
3732
1507
1805
9357
4331
3732
3732
9357
6637
2256
9357
1150
900
4331
3732
9357
9357
3732
6265
4331
9357
4306
9357
3732
5665
4369
3732
3612
1844
1659
9357
3732
4351
9357
9357
4096
3732
3732
898
4806
784
9357
127
128
504
4331
401
2846
1650
3070
1014
7421
3732
3732
4329
3732
4331
9357
3732
9357
900
3675
3732
206
4
3109
3108
3732
1574
8972
4193
9673
4193
636
3732
85
3732
9357
4193
4351
9357
4331
3732
3732
3732
3732
3337
6456
4509
66
3011
9251
8972
1507
3231
636
6005
2257
190
2008
3530
9357
4111
3732
3732
2039
3732
1754
4331
3732
9357
3732
3732
4096
4193
1870
300
1170
1525
1525
9357
2321
500
4331
4193
1903
3484
9357
3732
6005
1525
4331
130
7549
5736
8827
3732
3785
4096
3732
3732
1870
1574
3732
4331
3732
3732
9357
3732
3732
3732
3732
9108
5073
6456
9993
5822
1525
3732
3732
1574
9357
3732
4715
6609
1507
6609
9357
9357
4331
9568
4673
5651
4876
3732
2941
1525
4853
79
4645
900
2895
9357
7633
3732
3391
5002
2941
9357
3732
9357
6508
527
6285
4331
1038
4331
3624
1507
3732
3231
1525
3164
1507
1507
9357
1574
4351
6609
1507
3231
636
4193
3732
3732
4193
3859
4193
9357
3732
3732
9357
3732
3732
1870
9357
9620
9357
1970
3732
3391
3732
3732
3379
1916
98
1035
2007
1870
9357
5525
3980
1870
0
9256
206
9357
1870
3960
1215
3998
3732
3732
3732
4645
9357
2
3293
9357
3703
4561
3912
3318
3732
4193
3732
3732
3544
3960
3732
3732
79
103
1599
4094
2941
2007
4329
4331
3703
9357
4193
3960
1196
4331
3732
9357
3732
2256
3378
3379
9561
1870
307
2
5977
4
784
4503
5775
6609
7957
3268
3854
1578
2550
4680
1207
9357
5879
1153
5085
9883
9357
307
500
3732
9357
6609
9357
7912
4331
3732
3491
2084
9357
4331
3732
3732
9708
5953
140
3293
1672
1650
1682
4331
1821
3028
8212
9357
6285
6284
5092
4331
4329
5719
4483
5902
8612
4331
4193
3544
307
1507
4351
307
1533
4193
4306
3732
3732
1507
4331
7637
1870
1900
1525
1002
8675
5671
9357
3231
3732
131
9357
9357
3732
271
3732
9357
3732
3732
3732
4331
3732
3732
9357
6
3785
6609
3732
3102
4137
9357
3732
1507
1322
9900
823
2140
205
3649
4331
3732
3732
4503
3703
9357
3732
3732
2
4066
1970
3732
3732
9357
3732
3732
9357
6609
1330
36
1574
5431
5430
1476
3828
3554
3555
1970
3732
3732
3732
3732
4331
1903
2481
3703
4331
3732
3732
9357
3732
3231
1215
6541
9981
1870
2257
3732
5216
7549
307
7549
4193
9357
3732
4331
3732
9357
823
2
9413
4331
3732
5091
383
3791
4
1014
2320
1507
2941
4274
3732
873
4
903
4331
7628
3732
9357
9357
2007
7633
9357
307
9805
3732
9357
3732
4351
85
4193
3732
1477
1821
4193
1170
1542
3732
3732
3732
3732
3732
1791
3732
3732
122
2320
900
2047
1672
2256
6609
307
1507
3231
6827
4193
3231
9901
3691
3231
6609
3732
3732
3732
4563
9988
4193
9357
3732
1717
1288
4331
3732
9357
5526
307
1870
4331
8799
6245
3732
4331
3732
3732
9357
4331
9357
3732
3732
3044
3732
3732
3732
3732
2320
1970
3732
4306
3624
9357
3732
1133
2931
9357
1034
6220
5541
3960
3732
1870
1970
3732
1970
9357
3141
9357
9357
4331
9561
963
9357
1002
9622
3732
3732
9357
5296
4454
4260
307
5909
3732
3732
2256
3732
4
3703
3231
3732
3732
3732
9357
9357
6826
1779
3732
3732
935
9357
4275
8241
9357
3732
1153
1170
4331
3231
9357
3732
3732
3732
9357
1346
1301
5018
5651
2
5619
1870
3960
4193
5601
5902
307
3494
1272
9357
9357
898
4331
253
3732
3732
7462
6631
6609
9357
1507
448
4193
3732
3732
3732
3732
4331
4193
4331
3732
4553
6827
3732
3732
3732
872
4331
3732
1476
3732
9357
1574
4331
3293
4331
4193
3732
9357
1525
3732
9357
6265
3732
3491
4331
3732
9357
6421
9357
9357
4510
4663
3034
62
4379
6241
4351
1170
4193
3732
3732
9357
3544
1691
1903
7848
9357
3732
4329
1420
3732
9357
3732
3732
1170
4379
3902
9357
3732
1329
4476
2550
2
2550
4111
4853
1659
4680
9915
1507
3732
3732
3732
3732
4331
4193
1331
3011
3732
3732
3732
3544
1844
3723
1870
6609
2007
85
3248
471
1170
3703
6009
6220
1168
3732
3732
1870
1525
9413
6353
5167
9875
3732
3732
1870
900
3732
1574
4275
6281
3732
3732
9805
5256
3771
4331
1870
99
5660
4331
3544
607
4331
3732
9357
3649
3012
4096
3231
3231
4275
9357
3732
9357
3732
3732
9357
2975
5861
5878
4096
6489
4728
3163
6822
3732
9357
1507
1625
3732
9712
5045
1209
4193
3732
4329
3732
3732
3732
1574
3544
1621
8718
9357
4331
2320
5541
4193
6679
3732
9357
963
3461
2652
9357
3732
4509
3468
3732
3732
3732
4331
4193
1507
1574
9357
3231
1476
3043
1870
3785
4331
3732
9357
5601
2941
2550
1525
9357
307
6609
3732
3732
5091
5057
9357
1151
3732
3732
9357
3732
9357
3732
1870
3732
9357
3391
3732
9357
2084
3732
8212
1578
300
9900
4331
3732
4225
4224
1621
9357
3495
3815
3732
3732
3231
3231
6609
307
9893
9357
3732
4096
3732
3231
9357
1459
4331
3574
3231
4331
3732
3732
219
9357
3231
9357
5055
140
3231
4
8794
4645
1525
9883
4331
1014
4
1691
3703
1870
607
4193
3732
2034
3732
3732
3391
3732
6609
4331
3732
3732
3732
4096
9251
3732
9413
3649
9357
9357
3219
3732
9357
9357
9775
3062
3732
963
5175
4193
2652
2
1903
4503
6020
9357
4331
3732
3732
3732
3732
1507
946
3732
8699
9357
81
6822
1014
4626
9357
4351
3675
306
3231
1844
3960
3293
4193
3732
1272
4331
4331
3732
3859
1959
8212
307
9357
7934
3732
4331
9357
2
1781
3231
3732
6514
121
4331
9707
1546
636
5541
3732
9915
366
3732
1077
1152
5643
5719
3044
2194
904
4248
7217
3503
9357
4193
4193
3973
3378
3379
9357
607
6609
3231
3732
3732
3732
3544
1464
3732
4331
1970
7980
1717
2700
3732
3854
9357
339
3732
306
12
3231
5056
8699
7462
3703
9357
4329
6609
3732
3732
9357
9357
3732
4096
3732
9357
2481
2482
9511
1872
3732
3732
112
4505
1872
3732
3732
9357
1294
1272
4331
3732
3732
1870
6514
3732
3732
45
3732
9357
9357
4525
3732
3044
900
1170
9883
6456
3732
3732
3732
1574
3231
3732
3378
3732
3732
4331
4329
3703
3231
3732
3732
9357
3732
2257
1821
3231
9357
1574
898
3231
3732
4331
3732
4914
9762
3732
3732
3732
3732
4331
4331
3732
128
9357
127
3732
9357
9883
3732
5055
1578
9673
9357
3732
9673
4331
4306
4193
85
9357
7840
4331
3732
9357
9357
1574
3732
9357
9357
2
9355
9357
3732
1151
9357
3732
4331
3732
3732
898
3732
3190
7549
3391
3231
1870
9357
306
1870
3231
3732
471
1036
3732
2996
475
9357
1170
1357
3732
3732
3732
4331
1231
4331
3732
3732
3732
3732
9357
3732
636
3854
9106
9530
3732
4806
58
9357
5131
4663
475
5849
3732
4193
3856
3732
4331
9357
9833
4351
4331
9357
9357
3732
4331
9397
9546
4645
9357
3732
3231
85
4331
1231
4329
4093
3732
9357
4331
9357
3732
1870
9357
1507
9805
2934
4331
9357
3732
3732
2873
2874
2257
2095
9357
2320
2039
3732
1870
3703
9357
3732
9357
6609
4193
9357
3732
9357
9357
3248
3732
9357
1870
4331
3732
3732
269
3388
636
1507
9357
3732
269
9357
1574
3732
4509
4
4316
3703
1170
1986
9357
1420
3732
9357
4331
6630
4193
9357
6288
3554
9357
4306
3042
3625
4331
3732
4331
9357
3732
3732
3732
2497
2036
3732
9357
1917
1919
9357
3732
9357
9357
85
3732
3732
9357
9558
3732
6609
903
8972
1431
4193
3732
9357
5764
1507
1480
784
3763
9937
9937
9936
9936
9357
3732
823
3732
4331
3732
4193
4509
2550
3503
9893
3575
2862
3732
9357
5902
306
1656
9357
3732
3732
4331
500
1870
4331
9357
1476
3231
1525
1844
3040
3268
3732
9357
3732
5997
900
4331
3732
4454
9357
9357
9357
6145
9357
3732
4331
1870
4329
5292
4331
3732
1420
900
3732
3164
2652
1525
1170
9357
4331
4193
6882
1014
9357
9357
9357
2209
1231
2194
3231
3732
3732
3732
2
4331
3732
3732
3732
6473
3511
37
3528
4331
3732
3732
9357
6292
1525
3732
4193
8972
59
4331
4193
1215
4331
963
4193
3732
1870
3732
1170
9357
3732
85
3231
5626
5902
9357
3732
5557
5280
1331
1077
9357
9357
6882
3732
3732
306
3732
3732
9530
3231
3231
59
4676
3231
3231
9918
9357
9357
9357
1719
3494
6220
1673
1357
3732
9357
4331
4546
3732
3732
9357
9357
3732
121
9357
3854
9357
3732
4301
9357
9357
5849
4275
2965
868
4676
6020
636
3732
3732
3732
3732
4193
8972
307
1574
1068
4331
9357
3391
12
5092
3268
3732
9357
3732
3732
3732
4
4193
963
9981
4193
3732
1170
9357
9357
9357
1012
3732
3732
4331
3732
9357
9357
9357
182
2320
3854
4829
3960
5131
9357
1574
4193
900
1732
5849
2481
5406
5430
3732
5296
6489
7998
6
9357
3732
3732
9357
3732
4193
9357
3732
9473
3979
4193
1870
2550
3732
3231
1133
3732
4193
2988
4193
3044
4193
5654
9357
1574
4193
5566
2007
9546
1719
3973
9357
1507
85
8972
6501
3732
3732
1890
5092
4331
3732
3732
3732
3732
1844
1659
9357
1890
1717
130
6609
9357
3732
3102
3732
3732
3902
9357
3732
7933
6183
9357
3732
3040
9357
3732
3732
3732
2
2246
4680
4484
1870
9106
9256
4589
3041
9930
9357
2
119
4589
4260
307
1507
1159
4351
4
4193
2652
4546
4331
9357
3732
9357
3732
12
4509
9357
4331
8483
3732
3732
3732
6609
4331
3346
3231
1870
1970
3732
3732
2
9883
6827
3732
9357
4379
1272
4509
3732
3732
3732
121
3249
3391
3732
3732
3732
3732
3732
4503
1870
1903
8343
3732
4331
4671
5326
9397
4682
4716
5260
4854
5736
9397
3732
3732
1170
4509
3231
3544
5879
4458
9397
3732
6826
7549
6491
104
1525
3732
3732
4679
5720
3231
3732
3732
4464
4625
5259
4682
91
9357
4331
1525
4729
3231
6609
4351
159
3732
3732
4536
5131
4854
9397
4547
4548
4483
8189
9397
9397
3732
9357
4331
3732
3732
5731
4509
4331
8972
6646
7957
9357
4523
3231
146
3732
4329
5075
1718
9357
3732
166
1672
4663
5131
5018
7385
963
6827
475
4984
9357
9546
4543
4478
5861
9357
9357
4044
4603
4629
104
4608
4609
4854
8972
4645
5131
5719
4625
4642
8306
59
5264
4708
4854
4678
5326
4914
775
3231
5005
2194
5731
4478
6677
9887
3732
5878
1659
1525
4678
4589
4679
1231
1507
5430
4586
5431
9256
5131
4605
4701
5131
6677
7840
4840
3034
1717
6106
5085
4854
5087
7419
6883
5439
4690
3732
7912
4331
9397
9357
9558
636
1133
9357
9357
6265
1525
8441
104
4853
5131
4833
12
3732
8441
118
4570
4914
4193
9357
2
4586
475
4543
4853
5525
5086
6457
6458
3732
4603
4484
5132
9357
224
4876
1525
3732
9357
3703
1464
904
5096
5018
4826
5131
5431
5131
4483
8336
963
7672
4478
1170
7421
1792
4716
7548
7549
3859
1870
5073
2194
6490
4854
5719
1251
8698
91
618
5292
9357
1659
1014
7419
5925
4676
4509
4876
9096
1574
3732
4605
4603
5086
9256
5131
4645
5131
5131
5819
4331
3631
4663
4853
5719
4331
1792
114
5132
4853
5131
5470
2550
7905
3703
5342
3732
1574
4672
4853
5525
4854
4741
5085
5431
3732
4306
4691
4692
8046
5731
4645
5131
5132
5719
5431
5131
4693
3960
6983
6982
3732
7859
1331
9357
4488
1525
4925
4679
4626
6609
1507
1429
6376
6822
1014
4697
5650
4793
1170
9413
4329
4331
3732
4914
6183
9357
9357
3732
4645
4484
5132
4603
4663
6106
900
1870
9883
5525
233
3034
6609
4
3231
4331
3674
607
4507
4508
5719
119
5131
6983
6982
9357
4331
5731
3139
1525
4853
5430
4193
2007
3732
2
618
4676
1289
6983
6282
9415
1525
4691
1180
4645
5131
4473
5342
9357
4911
4828
5085
4589
4590
5002
1872
1959
159
4331
4631
934
3732
2138
4559
7671
3034
7673
1014
6353
1231
3044
6609
900
5949
1014
7920
3105
5525
4603
5087
4849
1014
1870
3732
8189
1357
233
4716
5380
4941
4825
9357
4331
3732
9522
688
4678
5430
4716
5380
4716
5132
3960
4225
3434
2034
3732
4484
9256
5018
1507
9473
5861
4740
8972
4224
307
1338
6677
6158
4193
1870
704
6335
8077
3912
2550
4484
5977
4854
4645
6609
1507
5990
5096
5439
7683
4331
9808
5879
92
1732
500
9976
7847
3732
3732
4331
6342
5819
3215
2
8046
5293
5057
3544
3960
7905
1014
1870
3732
9357
9357
3034
2233
6335
7264
3732
3786
4259
784
378
5878
3960
4671
4806
7671
1792
2497
3732
5002
5380
5232
5556
9748
3960
1870
351
7419
253
6009
6281
475
4106
1365
7071
3434
9357
8212
1946
3670
1903
3912
8212
5057
1525
4548
3732
5292
1170
5091
3960
5379
5819
5055
4327
1337
1672
6020
8972
6020
3732
9357
91
2481
9748
4740
4547
6288
4911
3164
5055
59
4331
2550
7920
1569
1870
3334
963
4459
4484
4586
4331
4331
3960
3434
1525
307
5131
5861
1870
1659
9415
5554
9256
5819
1507
9357
6281
1276
6158
9357
4464
7961
7263
5720
5131
6883
5460
4775
5131
6375
6457
9611
5626
9799
3503
2034
5091
140
5379
9357
9357
1170
8972
5879
307
4941
9888
6283
7866
4570
3960
4679
704
8972
9893
9800
5775
2941
3703
4
3732
6576
3732
5650
5137
6827
4853
4604
4853
4547
4671
92
5326
5776
7840
1870
7462
5280
9357
9357
4329
6523
500
2421
5257
5471
6457
4760
3293
9769
3732
1844
1546
1507
5977
9357
9980
4
7549
9357
3625
5055
5057
719
3859
1464
9888
6183
1525
1170
9397
9357
4853
4603
1170
8972
5207
5650
4853
5084
9413
3732
3732
1903
1621
9415
4833
3960
5379
5516
1825
3732
9357
4220
1870
3960
7508
3034
8589
6805
1014
253
4716
4714
9357
4741
4738
4775
9800
9893
6489
1014
2
5487
5810
3732
5586
3912
1525
2194
963
9357
3732
4460
3666
4329
9357
4925
3732
3732
3732
4329
9357
1390
1215
3859
5216
7263
3666
9357
5232
5074
3612
9357
4329
1170
5085
5131
5018
5326
4
4331
3732
3785
3732
1870
4914
5232
7549
1872
307
6
91
9357
8650
4193
4776
9357
3732
3044
9357
3231
3732
6048
5200
9397
5487
5216
7549
3732
3732
1014
3790
1231
1331
1168
1170
118
9357
85
5964
1872
3960
6609
1673
3732
4329
7217
5280
1476
4678
4679
3732
9357
5434
5435
307
9748
3105
5551
6282
3732
9357
4925
2980
4329
3732
4193
4331
4671
7217
5925
5541
4981
4331
3732
903
1331
1276
4476
5092
6245
6010
607
5720
5614
5615
4509
2
9357
4193
8972
206
5131
4715
3732
3732
3732
3732
9357
3732
5167
9893
3732
1170
3732
1507
4331
3732
4331
4645
8441
5085
4331
1574
3732
3785
9893
9894
7414
6597
1844
6020
1170
1133
5468
7419
1717
1525
5488
5770
4331
6520
4914
3960
3034
2917
4331
6609
3732
1355
3859
873
6609
4839
4585
8509
1659
4743
6245
6281
6428
898
5053
9893
5529
5819
3732
5820
9106
3675
3546
3786
1595
119
9357
9357
3732
3732
9611
5730
4673
4914
3732
3732
9357
3960
2874
4672
4673
1313
1872
9357
1035
4275
81
7806
6106
9413
1903
9888
6983
1870
4743
4714
5758
1870
5131
4956
5525
4331
9673
6106
6508
5463
4941
3732
3732
2120
6106
4488
3732
307
6432
3037
5518
1820
898
6106
5516
3334
5131
5132
6136
7463
6288
5338
85
4331
6288
6906
1872
1870
3732
4246
3732
3732
6010
5671
85
5564
2372
3415
1890
6125
5172
3732
4924
5055
3434
5438
5439
1825
5759
4849
1014
4331
4331
8189
9561
5293
5354
6159
4563
3732
4329
5882
1945
8189
4645
6982
6010
1870
7419
7344
5083
9413
1659
10000
5773
6997
9357
5131
3960
5719
4351
3732
1870
9357
9357
5765
8189
1436
4071
4331
6719
1090
9357
5516
6458
1659
5879
5728
4876
3732
3732
3785
6982
6983
9415
59
864
1691
1659
963
4474
6328
4853
4682
1014
4503
3034
7419
7486
9413
7548
85
5584
3732
3732
4589
5131
5132
5131
119
1574
6905
1870
1574
1792
3960
4891
6158
6282
4193
4484
4663
7549
7419
3960
8972
6020
1507
9357
1970
5504
1905
204
5406
1662
128
4794
1507
307
3732
3732
1977
8151
5902
5643
783
4329
3732
4331
4331
9857
730
3033
6335
2194
3732
3732
5475
7344
719
4925
9920
5861
4331
3732
3732
3732
3164
6256
8306
6106
3732
3732
3732
4714
5862
4716
1792
784
1231
5949
5235
3732
3732
5943
5861
4854
1650
3732
6514
6382
4577
5379
4645
1525
3544
3732
9357
9256
4829
4331
1014
4331
3732
1170
6135
9719
3732
4478
9561
1870
4546
6431
3703
4760
900
4645
5720
5132
3544
5843
6970
2497
7912
5504
9888
6019
99
9357
4005
1744
4331
9546
3732
7419
3755
6010
1905
1903
2256
7462
6137
3732
1870
3732
3732
3732
3960
5997
963
3732
4329
3960
3231
3732
3732
2007
9357
5564
6970
3231
6457
7385
4331
4331
6483
2550
4509
4505
7415
1578
130
4663
3732
3391
5970
4351
5810
7963
4645
2194
7058
159
5713
5525
4603
4741
4331
4193
1970
3732
3732
4331
3732
4603
7804
9397
6353
6826
6024
1464
5584
9893
2194
3732
3732
2
4678
4331
3732
4
1525
4866
7849
1014
3785
4331
6091
6252
7462
5096
3732
4331
9413
4547
4548
6822
6883
3732
6457
5516
5517
3732
3980
9473
1014
5342
4476
3034
5810
5811
5326
5863
5591
7344
3732
3732
3732
5137
4478
2071
900
4478
5882
1945
1792
5754
3231
3732
4331
5760
1945
8830
9357
3044
1995
9357
4329
7549
7548
1681
3703
5362
4570
9764
1574
10000
5487
9673
4331
4306
3231
4331
3732
3732
4603
8973
3786
5882
3544
9357
4329
6796
1014
3732
9357
9980
5736
4
4
3703
4331
5477
4729
7957
9357
9357
3732
3732
7799
8069
1574
1792
1077
1600
5736
1718
3732
4329
9357
704
5057
7852
9357
1525
7123
168
5525
4547
5167
9893
5862
3732
3732
5671
5670
3670
9357
1870
9357
1574
9357
49
5728
5729
5730
4331
6576
6048
1945
3785
4806
9357
4351
9357
9357
3732
6411
3511
5923
4458
1792
9748
6826
1331
4193
9357
5517
6335
6489
5083
4664
9357
9413
1903
5651
9561
5650
7963
5439
3732
6116
4193
3732
3732
1507
7414
6597
9357
6458
5810
5712
4329
3732
8006
9357
6282
6010
9357
3732
3732
233
1792
9748
4509
2
4583
1672
4676
5862
5861
4854
1650
1507
5541
6745
3703
6609
1331
5981
1507
4984
3703
3960
85
60
5720
1970
5074
3011
8098
1357
6110
4331
9920
5758
4716
6609
3732
9357
3732
9357
6489
6490
4925
4329
1170
8212
3732
1970
1977
307
9357
6004
1792
5096
6292
6883
5882
1014
3732
1870
7549
4671
9357
4329
3732
9357
4193
9357
7957
5293
2257
4671
5626
6245
81
3732
1970
1207
3703
6609
85
9357
3612
8965
4478
9357
45
1465
1466
140
1014
2874
6745
1875
4503
7805
1903
8612
4193
1042
3732
3732
3732
3732
4530
5860
3732
1507
9357
58
6380
5439
6028
1945
9511
1872
6410
6411
3732
9357
3790
3732
3231
1507
4331
2138
5601
5692
9357
2980
3732
6106
2988
6110
4331
3732
3732
9357
8021
7463
6757
3732
3732
2035
5508
48
6575
8189
1717
3011
3732
7805
1903
8612
1870
5516
5517
9357
3732
8589
4645
9357
3732
9357
4331
3732
7133
1014
1870
2233
4806
4876
5736
140
6797
6798
2034
3732
4058
1870
7217
5096
4331
4193
1990
3732
4225
1525
5172
6431
4331
3732
5627
5759
3544
963
9558
1659
4331
5709
7462
4690
3732
3732
3732
3790
3500
1870
2233
81
6079
4546
3337
1525
7123
4331
4331
3732
3732
3732
3231
9357
6167
6719
6646
963
6048
1525
3960
4329
6646
6997
4
4193
1890
8828
3011
9357
1970
6341
2194
9357
3732
12
963
3859
9357
8306
1970
4331
3544
5643
3732
3732
3732
7206
1014
4329
1959
5928
4193
9357
3732
9413
4478
904
5759
3732
1970
5091
6375
6376
3732
3732
3732
4331
85
9980
4548
5729
5730
6264
5775
9357
6421
1422
3231
3732
9357
2
9096
4331
4193
1525
4625
9357
3732
1153
3732
4743
1525
5353
9357
3732
3403
6978
4806
1271
6281
2497
9357
3785
7269
3732
5977
9357
5765
9357
3703
3732
7847
8306
4331
5758
9357
4483
1780
9108
6785
5132
5131
7268
1014
7866
2282
6621
4
5964
1357
6005
9357
103
4193
307
4563
7983
6646
6167
7847
8228
9357
6281
6380
6381
9357
9980
8151
6883
3732
6649
8349
9357
7419
7217
5074
4331
3732
784
9357
5264
3800
3231
3231
5990
307
9357
1970
5764
6335
6375
7171
3732
307
4914
1792
6440
1405
1525
3732
9357
224
1525
6381
6264
7419
1860
98
99
7920
5525
2497
6220
8972
5719
3732
5777
7419
1014
6009
5752
5902
7804
6679
3960
4193
3859
1870
4828
4914
864
9357
4193
4329
3732
9840
3703
307
784
60
4557
1870
3732
1231
5869
85
8718
4546
9357
3732
6159
6160
4
1903
4577
5487
6745
5056
5633
9357
4331
145
2257
5775
3011
1546
123
9357
1970
3732
9357
3231
784
3960
3391
5131
5132
5017
8972
3791
5504
6162
1525
5102
682
7596
6677
7919
5092
6335
3544
104
3732
6609
1507
9357
7892
1507
9397
6520
4193
3732
3960
6745
898
5172
6745
8965
8189
8828
3011
2071
7419
4690
9799
9894
9357
4329
3732
3732
9357
5002
4678
4679
3732
3732
383
307
7866
3732
4876
7549
6282
6167
6282
6167
9511
3859
9357
9357
1574
9357
3732
9357
3391
9769
9357
3732
8306
4331
500
3960
1792
4693
6521
6110
3612
8349
6649
1507
9357
4193
6745
1525
5525
4854
5526
2184
6483
3732
6609
5775
2084
6245
6220
6489
5730
5085
1014
4608
6655
4925
3164
1507
4193
383
3732
9357
6609
8212
9357
3732
4603
4894
7957
9719
6998
6997
7217
6523
4645
2
4743
3544
4329
3732
4876
3732
3732
1507
3732
9673
3732
4329
4331
9357
6460
4329
3337
3859
5916
1870
3231
1870
3391
6609
4331
4193
9357
1903
3570
4464
1890
900
6910
6911
2233
4
1970
7071
1525
6028
3732
3732
6677
7892
3732
3732
9357
7933
6281
7934
1507
7385
2007
3732
182
9357
1055
307
2095
3732
784
5879
9357
3732
6797
9357
6798
5005
7167
5920
7415
3732
9357
6541
1792
8828
5651
5057
5137
904
9799
8699
4509
1507
6375
7171
2034
6519
1507
4193
9996
9910
3231
5264
253
3732
1970
5083
3434
4329
1569
3732
219
190
6380
5439
1872
4
3732
9357
7633
5517
9357
1789
3044
6609
900
3231
6110
6820
4
7171
6375
3732
1184
3391
1970
4193
4507
4925
3164
9357
6183
4331
3231
5953
9357
5990
934
1090
6519
3732
4331
3732
4331
6493
3732
1970
6282
6167
6457
6458
6826
5990
5902
9357
5131
5665
6459
6460
6521
6522
6822
9800
6649
9357
1977
6689
7218
3231
3732
9357
1574
4740
5131
7419
1945
9357
3732
6609
3732
3732
3732
6457
9357
9887
8972
1872
3598
4193
2009
1870
6997
6997
4193
1870
4329
3732
7345
900
3732
4329
9357
3732
4849
59
3732
1525
3544
6106
7005
5712
6882
3703
5992
1872
7419
1525
10000
1525
4193
4331
3732
4329
3732
6617
1945
4478
3703
7463
9893
6609
3732
9357
3732
3732
4331
4104
5758
3732
1574
1993
4329
6106
3732
9623
3544
4331
8228
3732
2095
6005
2257
6106
3732
3732
140
1870
9561
1977
307
7058
9357
3732
9357
1970
3391
3732
636
6702
6719
6820
1574
2917
4
6106
1872
7263
6431
4331
3732
9357
4329
5195
9809
9800
6106
5977
5186
9357
3231
4329
6719
10000
3960
6882
1014
140
5092
4624
7805
4331
3732
3732
98
7628
6375
7171
5665
219
224
3544
6335
3732
9357
3732
2007
4329
4331
5882
7415
7694
3732
963
1872
2257
4833
4331
9357
3391
3732
9357
9670
3859
3231
9357
3732
3732
5353
8336
500
6106
1672
1903
1170
4741
1014
963
903
3544
775
1507
2007
7118
3732
5439
7207
4331
1594
5576
5902
3732
4193
1507
3164
3732
1970
12
903
7792
3732
5912
3732
8349
5901
4193
4351
3732
6953
6745
5811
1507
2
5488
7963
3732
3732
5095
5754
4331
900
9357
4925
3732
4331
4605
6846
636
6106
9081
9357
6609
3544
5541
6335
3544
104
7631
9357
1870
3703
6106
636
4329
4331
1844
1014
9357
3732
4329
3732
9357
6047
7207
307
9884
6996
7027
3732
250
2071
4351
3785
5860
99
774
9357
9357
6285
7872
4331
1870
4193
98
45
2007
3732
7027
9357
3293
4331
7596
3960
7920
300
6457
6458
5860
904
4676
1872
1792
6883
4760
3732
3732
6609
1507
7221
7695
10000
6111
3790
1525
5488
2194
7206
1872
5338
5712
5720
3732
1870
3732
3675
3732
1574
9256
3732
3732
1890
1870
6609
3732
1574
5997
5819
4331
1903
3732
4555
59
9357
4306
6006
9357
3732
3391
1231
2007
3732
3732
307
1478
7997
9357
9930
1464
963
8104
1792
5132
9473
4853
3732
6106
307
3210
3732
3732
1574
6335
9397
9357
3732
1678
9357
8349
3732
6459
6460
3231
1970
3732
1821
1525
2138
3732
6110
6998
5990
8225
6110
6111
6102
1872
3732
1870
4331
3105
2007
3732
5661
9357
9357
3732
4
5092
1970
9357
8349
6369
4
7419
3612
9357
9357
7631
3231
9357
4193
2233
4331
9887
1656
9357
338
9930
3732
3732
4484
6245
81
6953
2007
3732
7849
4625
9355
6335
3044
3732
3732
4329
4331
45
4849
4671
6335
3231
4965
1872
1338
9357
9357
4462
4193
7050
9473
9357
4689
1870
1792
4058
3231
1870
4
1890
8199
4678
6796
7757
1014
3204
9357
4193
3732
475
1495
1780
6440
1215
45
6719
6820
3732
3732
9357
4193
6020
6719
6820
4329
4331
3544
4645
5131
3732
2007
85
3231
6609
9357
140
5646
5295
9357
3732
9357
8483
3732
4119
3432
6106
1970
9357
1702
4193
7567
5439
6288
3732
9920
9357
9357
9357
1970
45
2034
5943
6882
6883
3732
9357
7694
898
4509
9357
7893
2034
5928
8966
1870
3732
3732
3732
3732
9357
3859
1170
1900
1574
3732
2668
1870
9357
5551
219
6630
4331
3732
3732
9357
6421
7005
7549
9357
3732
2
1872
5860
9357
4193
2007
904
6342
5132
5131
6245
8241
9546
6910
6911
7846
3732
4331
4331
3732
3612
9357
3732
6106
1507
8965
99
7896
6820
6719
963
6432
1870
3732
1574
85
7263
3732
4329
2007
4193
2007
5083
3732
3732
1574
1870
4329
8006
7912
9357
2007
1060
9611
3546
2550
5541
2009
4331
4193
9357
9357
6609
4329
4329
4331
9357
3732
3732
4193
3732
1524
4536
3044
6489
4546
1507
1870
3732
3732
3732
9357
5949
3755
6283
6282
9357
3732
7419
5257
7158
1872
5819
3732
3732
1170
7419
9357
1970
9357
3732
3732
4331
3732
898
3491
475
4
1900
4645
45
9357
8675
3732
3732
3732
4331
4331
1014
120
224
3732
9357
3391
4331
6609
1560
3732
3732
3732
2
1525
904
9357
3732
9357
6460
9357
6457
7957
9357
1625
1946
5057
6335
3044
1970
3732
9357
8006
9885
9357
1552
6162
1872
5949
7920
4193
5997
6906
6907
6882
9845
1014
6882
6883
5018
5131
4193
4331
2934
4689
3817
1672
5073
6409
4680
1970
3755
1159
9357
1507
4329
4058
4193
1557
6609
1870
307
9357
1574
3960
1089
140
5887
9357
3732
4331
233
900
636
1342
61
4
3732
1507
3732
7217
7218
1870
3231
3231
3432
4676
9357
3732
1870
5774
4331
9357
4193
1525
6490
2941
1014
4
6531
3755
6162
5811
3960
6430
6805
6110
6111
5997
9357
1507
5820
5131
2941
500
1170
3960
900
1870
6822
9357
4193
4329
3732
5516
99
7262
3570
6106
6609
3732
500
4193
1870
4331
2194
7816
4193
2007
4638
4463
3732
3732
9357
1574
9357
1870
4503
6245
6220
4331
3732
9357
6206
2138
9357
7957
9357
6609
3732
1170
864
1121
618
7171
7633
4876
6827
4825
9357
3732
900
3732
5083
6376
6649
1507
9357
6609
1754
304
3732
307
5137
4193
944
3231
3231
1507
3732
1659
5730
4603
9357
7601
1672
1672
2
5712
7419
7762
4331
2233
1870
5671
6010
5083
9527
3732
5949
1875
307
9357
4329
6983
6785
5475
9357
6473
4505
1672
1650
9419
7071
7859
3231
3732
3732
5822
7911
3612
6822
9611
1789
9357
3859
3732
9357
3732
3732
9357
1970
3732
4331
9357
7118
81
3346
5002
2095
9357
6997
6820
3732
9357
4509
4740
9357
3732
4496
4645
726
3732
5665
3732
3732
4673
3732
3732
1507
7961
3960
4193
4331
3210
1870
3732
4331
4331
4329
2084
1507
4193
3732
4329
3703
2007
3732
3732
5849
8827
1891
5773
6911
3960
5646
2482
307
3490
9357
36
6797
7896
9357
5819
307
1507
3433
7740
9357
5551
45
6028
6907
5057
935
1002
85
1870
5764
6458
9357
7957
3732
6609
1077
140
1507
4331
4331
1365
4329
4329
9357
4984
7809
3732
1507
6609
3732
4220
6822
6883
1890
6376
8483
4329
9357
900
4193
4969
114
4331
3612
7262
4825
6380
1844
3544
34
3732
5186
4509
5551
6982
3388
4570
140
2233
9357
307
4509
3732
1870
3732
4856
1014
2007
3732
704
6996
5186
4678
3703
5646
9357
3732
9357
3732
7816
60
1970
4351
8221
6982
1890
5055
4478
4331
4005
6402
112
898
3231
3011
5137
3732
6609
3732
4331
5670
5091
9546
4329
9357
4351
4351
7983
8189
7866
3960
2007
4671
4548
4645
4331
3337
4284
6996
4609
5475
9357
99
1890
9920
9893
5776
6106
3755
2084
3732
6982
6983
3732
3732
4331
5083
9357
9357
4331
3612
1507
3732
4331
9980
3732
3732
4854
7799
9357
5131
4729
5083
9357
7683
4642
6183
4547
5131
4331
7934
7385
338
3732
1170
3432
1890
7549
1970
3732
3043
3732
6609
7671
7673
3732
9918
1870
3732
9357
1188
3732
5264
5263
6822
1014
3732
3231
3231
1970
6609
6609
9558
4645
6489
3732
4329
3102
1870
9357
6281
5928
3732
3732
7799
6160
2034
5665
3732
9357
6609
2104
5057
5879
7805
4645
3574
6106
4488
378
4331
3391
9357
1970
3231
3732
3732
8827
2257
233
900
1672
1672
3732
9357
4351
9357
9357
3612
7217
1014
7847
7848
1870
2138
4005
8046
7783
5342
9357
6997
5075
2257
1870
6609
104
903
4577
9357
3231
1574
3732
3732
5905
9357
7983
4331
1870
6905
8212
6910
6380
3960
4331
9920
1870
3732
3732
3732
1525
1507
2
9413
1717
3732
3732
4193
3732
8827
2482
3277
6183
9357
9357
3732
49
3044
4193
9357
3732
3732
4193
1569
9893
307
7167
3960
4260
3248
3732
5002
1525
1870
4546
2497
9357
3732
4329
4193
2007
3732
7933
7934
3277
9357
123
6822
6683
4331
9357
3732
1891
2007
2233
3732
3732
9413
1870
3231
7137
3703
3231
3674
4193
1719
1507
5235
9108
3732
6106
2007
3732
4329
4331
9601
7548
3732
9465
1900
5199
1525
5992
3755
9357
8241
7419
4225
3791
1247
7919
2257
3732
9357
4193
3732
6702
6110
6646
3960
5643
6822
3732
7217
1014
9413
1464
3048
9357
3675
1574
3231
9845
9981
9980
3732
7579
13
9357
2337
5554
1870
1655
5326
6106
1870
784
4003
1525
3070
7217
1338
6369
1466
3033
9357
7848
166
3755
3960
784
9357
3732
9357
3732
6460
9357
8224
6597
4193
1170
5776
7852
2320
5646
1525
4331
1574
3960
3960
140
784
4329
4331
4327
1900
1170
3732
3732
7677
5760
1574
9357
3732
6826
7549
1970
9357
3231
3732
6906
1525
3732
3231
1870
9357
1574
4546
3432
1574
3732
1970
4563
7848
3732
5670
307
4509
307
9357
3732
5849
1890
3011
2481
2
1870
4546
6609
6846
1872
304
4536
7205
6527
1170
6609
7804
5730
4603
9357
3732
4351
3732
6882
1945
9108
3732
7217
4678
6576
4444
2034
4331
4329
9357
6010
7896
4331
3231
4329
9568
5953
5541
4585
4829
7462
1337
6719
9357
8014
8718
4331
8151
4690
1507
9357
7848
4
4484
2007
1507
3732
9357
4193
9357
8799
3732
4511
98
8483
1875
1965
704
4609
9357
6609
3763
3732
3732
3732
5232
6531
1014
9799
6883
4193
4331
6609
1945
5992
3277
2
3044
7766
1525
9845
4546
3732
5083
3732
3231
3732
9357
1959
4351
9357
4329
1970
6609
3732
9357
6609
3732
9357
5055
59
3732
3732
4889
9357
1306
3732
3732
1970
2034
3732
1946
1477
9357
5541
2550
3732
3732
9357
6167
9357
307
2661
499
9357
3732
9357
9357
1970
9357
1682
4673
3732
3732
3732
3732
4329
3732
3732
3544
4476
3732
3732
9357
4351
307
9845
1014
7905
7906
5719
5601
3544
3337
6953
1477
9968
9357
4331
9357
4329
3502
3109
8675
3732
3829
1870
900
9357
2233
4351
6264
3732
3732
3732
5541
119
3034
3732
3732
3732
3859
4193
9357
6719
3544
1014
307
9357
1870
4331
3732
3044
4193
5431
3960
9357
3732
3732
3732
2007
873
4331
3732
4478
3164
8948
4193
1014
9357
5326
6106
1870
1507
2350
307
2482
3732
3732
3703
85
99
4351
3732
3732
3732
206
9019
1231
9357
9357
4
7486
3732
1970
9357
3732
6009
81
4193
3494
3732
3732
3732
9357
9684
9357
1900
8972
9357
2034
4689
3415
9357
5131
5719
5731
5131
3231
3612
9357
3391
1507
3732
1525
9413
3732
1875
9357
3732
1792
4503
3732
7893
2034
3732
3732
1507
1464
9558
9415
2941
1870
1870
6409
7983
636
4329
4260
3231
1507
3512
2112
2256
9920
6111
6997
1970
7957
6646
9357
9357
7852
4193
9357
7192
4331
9357
8352
1870
3763
8212
105
8972
5131
9558
4676
6609
4622
499
4329
9357
9981
6160
7848
7893
3732
3732
3732
4193
3732
5083
7906
5878
6282
5288
9357
3732
3732
3960
900
2007
1507
3732
8594
8966
7385
4193
9357
3732
3732
6609
5719
3755
8957
5551
9981
3732
3732
3732
3732
9357
5525
3960
3105
7637
8189
9357
1170
704
3544
4234
3494
2
1872
4193
2350
307
1655
4647
0
9357
7912
2007
4331
3732
4306
3732
9019
4570
3732
3732
3231
5878
1507
823
85
3612
9357
3732
1870
4589
5131
3960
8071
8132
4193
4379
7633
6406
898
1994
2
4331
3732
9357
8966
5882
7762
9357
3732
1014
6028
3732
4479
4806
3732
3732
9357
6158
9357
1231
9357
4329
3732
3978
9527
3732
4329
6521
6609
9357
3423
5541
6609
7481
3755
7866
9357
9357
5882
1525
9357
9419
7866
1188
8479
3034
9102
2257
3732
4645
5526
5525
3732
9357
3732
9357
3732
3732
9357
3732
9266
7920
4483
4604
8441
6335
1369
1507
3732
1574
4193
3732
9251
3960
3732
6376
6649
92
6785
3231
3703
9357
1546
5730
8972
4806
9357
3732
9357
3732
9357
9357
3732
9357
9976
3011
1276
5073
1872
5736
91
9357
3732
3859
1477
1792
9981
3755
233
4578
330
3732
140
8046
4793
3432
9357
4331
4329
2194
3732
4678
4829
307
307
1170
2233
3732
4329
9357
5615
3732
145
118
1349
3732
6609
6106
6106
1098
9357
6158
8108
3732
3732
6617
898
3231
3231
3732
4331
6609
3732
3732
3732
3703
3231
3231
3231
3231
900
5232
6106
307
9413
536
1507
1574
2138
2007
5342
5096
5928
9357
3732
4193
3732
6800
1170
1507
3732
9357
3732
3231
1507
2
9357
307
4193
6800
6406
5615
3732
3732
1870
4678
3732
3732
5861
9357
2183
3732
1525
5518
1744
9357
3732
3732
9357
3732
9357
9266
7058
6609
3732
8972
140
1970
6106
6409
7874
4941
3674
4193
3231
3732
3732
1870
4914
7981
8212
8207
963
9357
4331
3732
3732
1870
3732
9357
3034
3732
3732
4220
3732
2204
3732
3732
9357
3379
3210
4193
5525
4538
1970
1170
6106
9981
9357
3732
9357
7896
4
1659
3732
3732
3546
5877
3732
3732
9357
99
4329
6328
7058
9357
3732
2034
8125
3732
7206
4
2007
6822
963
963
2007
9357
823
3732
9357
963
3732
3732
873
6489
527
2045
3164
1525
6369
5541
1917
3859
5175
4193
3732
9720
9920
3248
1507
307
9357
5601
4548
5731
2
3732
3732
4
5819
4547
2007
5760
4331
4331
3732
4876
4595
3732
3732
6609
8531
8595
3732
4329
4331
2007
3732
3732
2105
3732
9357
963
1870
3732
9845
4331
9357
5736
2194
1870
9357
1574
3732
3732
3732
3732
8698
1546
4483
3732
3732
1970
7006
5199
98
9980
3732
4193
4331
1970
1357
9883
6489
7385
718
5166
1478
5257
8046
4793
4193
1870
5819
3859
9357
3231
8699
7462
3978
3544
500
4379
99
3732
307
9357
1905
6483
9357
1905
8675
5208
140
784
307
9799
9546
3732
9357
1719
3732
475
3544
3732
8212
3732
3231
5132
9096
3732
3732
3755
5713
4509
85
8189
3732
9357
3732
8189
4331
6609
1574
9522
3732
9357
3732
9357
3044
4553
1870
1875
9357
4760
518
4
4331
3231
3732
85
1231
3732
1507
4193
3732
3732
7262
1014
1338
963
963
4
4331
3732
9357
8799
6292
6883
9357
6609
3732
3732
4331
3732
3612
9357
3732
9357
6245
81
3732
3732
3732
9546
1903
114
3732
3732
3732
3732
9357
9357
4329
1525
4679
7263
4331
3732
3732
4193
3960
5131
4829
9251
2
3034
9258
9019
6609
3231
8830
3732
4331
7058
4331
1507
4329
3732
3732
7582
5475
9357
3732
3732
4329
9357
3231
9357
1574
1970
3732
3732
3231
4351
4331
9357
1970
3732
823
9357
963
2007
5057
1478
3732
3231
9357
3732
9357
9357
2007
5990
500
9357
9721
963
9357
9357
3732
4331
3732
5928
3732
1231
6106
3902
9357
6459
6281
307
9357
233
4193
3732
3732
7840
3732
3732
3732
4193
9357
3732
3732
4645
1014
2452
3044
3732
3732
3790
1231
98
7633
5086
8212
9357
6609
3732
9357
3732
4331
3703
6609
3732
4331
3732
4839
307
104
9883
3249
131
9357
307
636
5057
9357
3732
233
3791
3732
3732
3732
7896
9357
4331
3732
9357
7848
873
1170
3817
85
3732
2034
3732
3732
4825
3859
4193
6609
3960
873
3960
500
5091
898
9887
6091
5517
1231
4331
873
1870
2009
5131
4680
4855
3732
3732
9357
6281
3732
4
1478
6745
6907
3732
1525
3960
6609
3732
3231
3732
9929
8056
3732
3732
1507
3732
3732
3732
9357
6459
6460
900
2
3732
9357
3732
3732
3960
1870
9673
5665
7582
7419
4645
3732
7549
1672
9357
4193
4507
2941
9357
4760
1655
167
5525
5990
6883
9357
3732
3732
3231
3732
9883
9546
3011
1870
4193
3732
4
4193
91
6609
7858
9719
3732
3732
5131
4740
3732
1900
1170
8509
3732
9357
3732
9357
3732
4563
6281
4925
3732
9357
6609
6489
2233
3732
4306
4331
5913
5087
5430
306
3732
9357
3732
8189
3732
3732
3817
1870
9357
3732
4193
4331
3732
4193
3732
3231
9357
3732
4193
4193
9357
9357
3732
3732
383
4671
4509
963
1870
3732
4193
3732
9357
9357
5953
9357
9357
5752
2
5131
963
3785
9357
3732
3732
9357
9357
4331
2007
9357
6281
3732
3732
4329
1014
8972
2
9256
4680
9258
4193
7123
7858
3732
3732
3732
9357
3732
3732
9357
9357
4193
636
3139
3293
1525
1507
7957
3732
1870
3732
3732
1870
3732
3732
3732
4510
8718
3732
3231
9357
3732
1557
9357
4379
9888
9887
9357
4525
5554
5977
1870
1970
9357
9357
4507
9357
4625
7263
3231
9357
3732
3732
6998
7633
9397
3732
6609
9357
330
3732
3732
9986
4193
2256
7920
865
9357
4331
3732
3732
9357
6459
6460
9357
3732
3732
9357
9357
6609
9420
3732
3732
4331
3732
3732
4464
5096
3231
3732
3732
9357
4193
4464
5650
3732
3732
3732
903
307
9825
96
131
4624
5539
3732
4716
1507
9936
5879
6353
4547
1659
3732
3732
3732
3231
4095
4331
3732
3732
4331
4331
9937
122
9568
507
9357
5132
1525
5137
146
3732
3732
9357
4331
3248
6609
3732
9357
4740
4741
5131
9524
9528
9357
9357
3732
3732
3732
9936
1791
3732
9357
9573
9568
9825
9937
806
8479
9357
136
1553
1272
9937
6609
9753
1719
3432
6020
79
4553
3732
1574
1578
4331
9712
9568
4491
4193
4331
3732
5131
4645
4331
3732
4178
1578
4331
3732
3732
4671
5525
5137
9930
9357
127
6527
1965
9561
1002
7961
1578
9968
1357
9707
1791
1574
9357
9357
4479
4096
127
1698
9357
9357
3732
9357
3716
3268
127
1369
4331
4331
9620
9357
1507
507
4331
9357
9357
9357
9357
3829
9357
9753
3732
4331
4478
9357
3732
9357
9925
9357
9765
4331
3732
3732
5843
9357
6020
4331
330
1687
9357
823
1188
9357
3231
3732
9357
3732
9357
3732
2007
3231
8207
9357
4351
6527
1965
3732
3231
2007
9937
9937
3732
4577
5905
253
9883
103
547
3829
3224
9357
9810
9357
4625
4853
3902
5844
7957
9357
1578
9568
9936
9936
4546
8718
8188
4673
9853
5074
5977
4331
132
4331
3732
6382
6335
9357
3734
7957
9357
3732
9915
4329
3732
3732
9357
1014
3732
9357
3732
3231
9357
3231
9357
5326
6440
3391
6556
140
9357
9957
5987
9357
3432
5339
1272
6514
3854
9498
5092
5584
5660
8056
6402
4
4193
118
636
3164
3960
0
9357
9917
3732
3378
1069
823
1507
4096
9357
3732
7957
8509
3231
3732
1507
5055
9357
4826
5131
1294
9357
3732
3732
7419
7344
9875
4690
6982
6375
2194
140
4096
9937
4095
5005
5004
3040
3268
9558
4331
3732
9357
0
1170
1659
7859
4841
1621
9568
9357
1272
9937
506
3231
7957
9357
3231
9357
3732
9887
9357
4331
9670
4331
9357
3732
6882
1945
9937
9825
9937
9891
4509
1659
3732
3732
9357
4331
9833
6822
6440
1621
9357
6004
7419
5902
4331
3732
4
4900
3732
3732
3732
9875
1659
3755
4629
3461
2095
9357
7997
9893
9800
2007
3732
589
4331
3703
4738
9769
4604
3854
9857
9976
6820
9840
1661
4676
9748
7217
9800
1170
9357
9922
121
1525
9758
2320
3732
4351
1870
1574
3732
85
6281
9889
5761
8212
7217
3859
4095
4096
9357
2965
4476
9561
9561
9895
3829
3732
9765
3902
9357
3732
9357
36
6110
5002
3732
9357
8594
3902
806
1272
5232
5233
3859
4193
900
4193
4193
9959
7762
5731
4331
9753
307
1231
57
9357
9660
4510
9357
6281
5406
9889
7762
4329
3732
9106
4331
3732
4331
1970
6009
3649
9357
9357
307
5233
3959
3164
6283
9357
5754
9750
7957
5764
1791
3231
9357
6020
2895
1262
6167
9357
9357
3732
4488
3732
3732
2007
6882
1945
3732
9357
